Copyright 1986-2022 Xilinx, Inc. All Rights Reserved. Copyright 2022-2025 Advanced Micro Devices, Inc. All Rights Reserved.
---------------------------------------------------------------------------------------------------------------------------------------------------------------------------------------------------------------------------------
| Tool Version : Vivado v.2025.2 (lin64) Build 6299465 Fri Nov 14 12:34:56 MST 2025
| Date         : Mon Apr 13 15:38:15 2026
| Host         : YOURUNIQUEHOSTNAME running 64-bit Ubuntu 25.10
| Command      : report_timing_summary -max_paths 10 -routable_nets -report_unconstrained -file Top_MMC_timing_summary_routed.rpt -pb Top_MMC_timing_summary_routed.pb -rpx Top_MMC_timing_summary_routed.rpx -warn_on_violation
| Design       : Top_MMC
| Device       : 7a100t-csg324
| Speed File   : -1  PRODUCTION 1.23 2018-06-13
| Design State : Routed
---------------------------------------------------------------------------------------------------------------------------------------------------------------------------------------------------------------------------------

Timing Summary Report

------------------------------------------------------------------------------------------------
| Timer Settings
| --------------
------------------------------------------------------------------------------------------------

  Enable Multi Corner Analysis               :  Yes
  Enable Pessimism Removal                   :  Yes
  Pessimism Removal Resolution               :  Nearest Common Node
  Enable Input Delay Default Clock           :  No
  Enable Preset / Clear Arcs                 :  No
  Disable Flight Delays                      :  No
  Ignore I/O Paths                           :  No
  Timing Early Launch at Borrowing Latches   :  No
  Borrow Time for Max Delay Exceptions       :  Yes
  Merge Timing Exceptions                    :  Yes
  Inter-SLR Compensation                     :  Conservative

  Corner  Analyze    Analyze    
  Name    Max Paths  Min Paths  
  ------  ---------  ---------  
  Slow    Yes        Yes        
  Fast    Yes        Yes        


------------------------------------------------------------------------------------------------
| Report Methodology
| ------------------
------------------------------------------------------------------------------------------------

Rule       Severity          Description                  Violations  
---------  ----------------  ---------------------------  ----------  
TIMING-17  Critical Warning  Non-clocked sequential cell  678         

Note: This report is based on the most recent report_methodology run and may not be up-to-date. Run report_methodology on the current design for the latest report.



check_timing report

Table of Contents
-----------------
1. checking no_clock (678)
2. checking constant_clock (0)
3. checking pulse_width_clock (0)
4. checking unconstrained_internal_endpoints (2780)
5. checking no_input_delay (22)
6. checking no_output_delay (31)
7. checking multiple_clock (0)
8. checking generated_clocks (0)
9. checking loops (0)
10. checking partial_input_delay (0)
11. checking partial_output_delay (0)
12. checking latch_loops (0)

1. checking no_clock (678)
--------------------------
 There are 678 register/latch pins with no clock driven by root clock pin: counter_reg[3]/Q (HIGH)


2. checking constant_clock (0)
------------------------------
 There are 0 register/latch pins with constant_clock.


3. checking pulse_width_clock (0)
---------------------------------
 There are 0 register/latch pins which need pulse_width check


4. checking unconstrained_internal_endpoints (2780)
---------------------------------------------------
 There are 2780 pins that are not constrained for maximum delay. (HIGH)

 There are 0 pins that are not constrained for maximum delay due to constant clock.


5. checking no_input_delay (22)
-------------------------------
 There are 22 input ports with no input delay specified. (HIGH)

 There are 0 input ports with no input delay but user has a false path constraint.


6. checking no_output_delay (31)
--------------------------------
 There are 31 ports with no output delay specified. (HIGH)

 There are 0 ports with no output delay but user has a false path constraint

 There are 0 ports with no output delay but with a timing clock defined on it or propagating through it


7. checking multiple_clock (0)
------------------------------
 There are 0 register/latch pins with multiple clocks.


8. checking generated_clocks (0)
--------------------------------
 There are 0 generated clocks that are not connected to a clock source.


9. checking loops (0)
---------------------
 There are 0 combinational loops in the design.


10. checking partial_input_delay (0)
------------------------------------
 There are 0 input ports with partial input delay specified.


11. checking partial_output_delay (0)
-------------------------------------
 There are 0 ports with partial output delay specified.


12. checking latch_loops (0)
----------------------------
 There are 0 combinational latch loops in the design through latch input



------------------------------------------------------------------------------------------------
| Design Timing Summary
| ---------------------
------------------------------------------------------------------------------------------------

    WNS(ns)      TNS(ns)  TNS Failing Endpoints  TNS Total Endpoints      WHS(ns)      THS(ns)  THS Failing Endpoints  THS Total Endpoints     WPWS(ns)     TPWS(ns)  TPWS Failing Endpoints  TPWS Total Endpoints  
    -------      -------  ---------------------  -------------------      -------      -------  ---------------------  -------------------     --------     --------  ----------------------  --------------------  
      8.385        0.000                      0                    4        0.251        0.000                      0                    4        4.500        0.000                       0                     5  


All user specified timing constraints are met.


------------------------------------------------------------------------------------------------
| Clock Summary
| -------------
------------------------------------------------------------------------------------------------

Clock        Waveform(ns)       Period(ns)      Frequency(MHz)
-----        ------------       ----------      --------------
sys_clk_pin  {0.000 5.000}      10.000          100.000         


------------------------------------------------------------------------------------------------
| Intra Clock Table
| -----------------
------------------------------------------------------------------------------------------------

Clock             WNS(ns)      TNS(ns)  TNS Failing Endpoints  TNS Total Endpoints      WHS(ns)      THS(ns)  THS Failing Endpoints  THS Total Endpoints     WPWS(ns)     TPWS(ns)  TPWS Failing Endpoints  TPWS Total Endpoints  
-----             -------      -------  ---------------------  -------------------      -------      -------  ---------------------  -------------------     --------     --------  ----------------------  --------------------  
sys_clk_pin         8.385        0.000                      0                    4        0.251        0.000                      0                    4        4.500        0.000                       0                     5  


------------------------------------------------------------------------------------------------
| Inter Clock Table
| -----------------
------------------------------------------------------------------------------------------------

From Clock    To Clock          WNS(ns)      TNS(ns)  TNS Failing Endpoints  TNS Total Endpoints      WHS(ns)      THS(ns)  THS Failing Endpoints  THS Total Endpoints  
----------    --------          -------      -------  ---------------------  -------------------      -------      -------  ---------------------  -------------------  


------------------------------------------------------------------------------------------------
| Other Path Groups Table
| -----------------------
------------------------------------------------------------------------------------------------

Path Group    From Clock    To Clock          WNS(ns)      TNS(ns)  TNS Failing Endpoints  TNS Total Endpoints      WHS(ns)      THS(ns)  THS Failing Endpoints  THS Total Endpoints  
----------    ----------    --------          -------      -------  ---------------------  -------------------      -------      -------  ---------------------  -------------------  


------------------------------------------------------------------------------------------------
| User Ignored Path Table
| -----------------------
------------------------------------------------------------------------------------------------

Path Group    From Clock    To Clock    
----------    ----------    --------    


------------------------------------------------------------------------------------------------
| Unconstrained Path Table
| ------------------------
------------------------------------------------------------------------------------------------

Path Group    From Clock    To Clock    
----------    ----------    --------    
(none)                                    


------------------------------------------------------------------------------------------------
| Timing Details
| --------------
------------------------------------------------------------------------------------------------


---------------------------------------------------------------------------------------------------
From Clock:  sys_clk_pin
  To Clock:  sys_clk_pin

Setup :            0  Failing Endpoints,  Worst Slack        8.385ns,  Total Violation        0.000ns
Hold  :            0  Failing Endpoints,  Worst Slack        0.251ns,  Total Violation        0.000ns
PW    :            0  Failing Endpoints,  Worst Slack        4.500ns,  Total Violation        0.000ns
---------------------------------------------------------------------------------------------------


Max Delay Paths
--------------------------------------------------------------------------------------
Slack (MET) :             8.385ns  (required time - arrival time)
  Source:                 counter_reg[0]/C
                            (rising edge-triggered cell FDRE clocked by sys_clk_pin  {rise@0.000ns fall@5.000ns period=10.000ns})
  Destination:            counter_reg[0]/D
                            (rising edge-triggered cell FDRE clocked by sys_clk_pin  {rise@0.000ns fall@5.000ns period=10.000ns})
  Path Group:             sys_clk_pin
  Path Type:              Setup (Max at Slow Process Corner)
  Requirement:            10.000ns  (sys_clk_pin rise@10.000ns - sys_clk_pin rise@0.000ns)
  Data Path Delay:        1.608ns  (logic 0.580ns (36.063%)  route 1.028ns (63.937%))
  Logic Levels:           1  (LUT1=1)
  Clock Path Skew:        0.000ns (DCD - SCD + CPR)
    Destination Clock Delay (DCD):    4.927ns = ( 14.927 - 10.000 ) 
    Source Clock Delay      (SCD):    5.228ns
    Clock Pessimism Removal (CPR):    0.301ns
  Clock Uncertainty:      0.035ns  ((TSJ^2 + TIJ^2)^1/2 + DJ) / 2 + PE
    Total System Jitter     (TSJ):    0.071ns
    Total Input Jitter      (TIJ):    0.000ns
    Discrete Jitter          (DJ):    0.000ns
    Phase Error              (PE):    0.000ns

    Location             Delay type                Incr(ns)  Path(ns)    Netlist Resource(s)
  -------------------------------------------------------------------    -------------------
                         (clock sys_clk_pin rise edge)
                                                      0.000     0.000 r  
    E3                                                0.000     0.000 r  clk (IN)
                         net (fo=0)                   0.000     0.000    clk
    E3                   IBUF (Prop_ibuf_I_O)         1.482     1.482 r  clk_IBUF_inst/O
                         net (fo=1, routed)           2.025     3.506    clk_IBUF
    BUFGCTRL_X0Y16       BUFG (Prop_bufg_I_O)         0.096     3.602 r  clk_IBUF_BUFG_inst/O
                         net (fo=4, routed)           1.625     5.228    clk_IBUF_BUFG
    SLICE_X52Y96         FDRE                                         r  counter_reg[0]/C
  -------------------------------------------------------------------    -------------------
    SLICE_X52Y96         FDRE (Prop_fdre_C_Q)         0.456     5.684 f  counter_reg[0]/Q
                         net (fo=4, routed)           1.028     6.712    counter_reg_n_0_[0]
    SLICE_X52Y96         LUT1 (Prop_lut1_I0_O)        0.124     6.836 r  counter[0]_i_1/O
                         net (fo=1, routed)           0.000     6.836    p_0_in[0]
    SLICE_X52Y96         FDRE                                         r  counter_reg[0]/D
  -------------------------------------------------------------------    -------------------

                         (clock sys_clk_pin rise edge)
                                                     10.000    10.000 r  
    E3                                                0.000    10.000 r  clk (IN)
                         net (fo=0)                   0.000    10.000    clk
    E3                   IBUF (Prop_ibuf_I_O)         1.411    11.411 r  clk_IBUF_inst/O
                         net (fo=1, routed)           1.920    13.331    clk_IBUF
    BUFGCTRL_X0Y16       BUFG (Prop_bufg_I_O)         0.091    13.422 r  clk_IBUF_BUFG_inst/O
                         net (fo=4, routed)           1.504    14.927    clk_IBUF_BUFG
    SLICE_X52Y96         FDRE                                         r  counter_reg[0]/C
                         clock pessimism              0.301    15.228    
                         clock uncertainty           -0.035    15.192    
    SLICE_X52Y96         FDRE (Setup_fdre_C_D)        0.029    15.221    counter_reg[0]
  -------------------------------------------------------------------
                         required time                         15.221    
                         arrival time                          -6.836    
  -------------------------------------------------------------------
                         slack                                  8.385    

Slack (MET) :             8.405ns  (required time - arrival time)
  Source:                 counter_reg[0]/C
                            (rising edge-triggered cell FDRE clocked by sys_clk_pin  {rise@0.000ns fall@5.000ns period=10.000ns})
  Destination:            counter_reg[1]/D
                            (rising edge-triggered cell FDRE clocked by sys_clk_pin  {rise@0.000ns fall@5.000ns period=10.000ns})
  Path Group:             sys_clk_pin
  Path Type:              Setup (Max at Slow Process Corner)
  Requirement:            10.000ns  (sys_clk_pin rise@10.000ns - sys_clk_pin rise@0.000ns)
  Data Path Delay:        1.634ns  (logic 0.606ns (37.081%)  route 1.028ns (62.919%))
  Logic Levels:           1  (LUT2=1)
  Clock Path Skew:        0.000ns (DCD - SCD + CPR)
    Destination Clock Delay (DCD):    4.927ns = ( 14.927 - 10.000 ) 
    Source Clock Delay      (SCD):    5.228ns
    Clock Pessimism Removal (CPR):    0.301ns
  Clock Uncertainty:      0.035ns  ((TSJ^2 + TIJ^2)^1/2 + DJ) / 2 + PE
    Total System Jitter     (TSJ):    0.071ns
    Total Input Jitter      (TIJ):    0.000ns
    Discrete Jitter          (DJ):    0.000ns
    Phase Error              (PE):    0.000ns

    Location             Delay type                Incr(ns)  Path(ns)    Netlist Resource(s)
  -------------------------------------------------------------------    -------------------
                         (clock sys_clk_pin rise edge)
                                                      0.000     0.000 r  
    E3                                                0.000     0.000 r  clk (IN)
                         net (fo=0)                   0.000     0.000    clk
    E3                   IBUF (Prop_ibuf_I_O)         1.482     1.482 r  clk_IBUF_inst/O
                         net (fo=1, routed)           2.025     3.506    clk_IBUF
    BUFGCTRL_X0Y16       BUFG (Prop_bufg_I_O)         0.096     3.602 r  clk_IBUF_BUFG_inst/O
                         net (fo=4, routed)           1.625     5.228    clk_IBUF_BUFG
    SLICE_X52Y96         FDRE                                         r  counter_reg[0]/C
  -------------------------------------------------------------------    -------------------
    SLICE_X52Y96         FDRE (Prop_fdre_C_Q)         0.456     5.684 r  counter_reg[0]/Q
                         net (fo=4, routed)           1.028     6.712    counter_reg_n_0_[0]
    SLICE_X52Y96         LUT2 (Prop_lut2_I0_O)        0.150     6.862 r  counter[1]_i_1/O
                         net (fo=1, routed)           0.000     6.862    p_0_in[1]
    SLICE_X52Y96         FDRE                                         r  counter_reg[1]/D
  -------------------------------------------------------------------    -------------------

                         (clock sys_clk_pin rise edge)
                                                     10.000    10.000 r  
    E3                                                0.000    10.000 r  clk (IN)
                         net (fo=0)                   0.000    10.000    clk
    E3                   IBUF (Prop_ibuf_I_O)         1.411    11.411 r  clk_IBUF_inst/O
                         net (fo=1, routed)           1.920    13.331    clk_IBUF
    BUFGCTRL_X0Y16       BUFG (Prop_bufg_I_O)         0.091    13.422 r  clk_IBUF_BUFG_inst/O
                         net (fo=4, routed)           1.504    14.927    clk_IBUF_BUFG
    SLICE_X52Y96         FDRE                                         r  counter_reg[1]/C
                         clock pessimism              0.301    15.228    
                         clock uncertainty           -0.035    15.192    
    SLICE_X52Y96         FDRE (Setup_fdre_C_D)        0.075    15.267    counter_reg[1]
  -------------------------------------------------------------------
                         required time                         15.267    
                         arrival time                          -6.862    
  -------------------------------------------------------------------
                         slack                                  8.405    

Slack (MET) :             8.606ns  (required time - arrival time)
  Source:                 counter_reg[3]/C
                            (rising edge-triggered cell FDRE clocked by sys_clk_pin  {rise@0.000ns fall@5.000ns period=10.000ns})
  Destination:            counter_reg[3]/D
                            (rising edge-triggered cell FDRE clocked by sys_clk_pin  {rise@0.000ns fall@5.000ns period=10.000ns})
  Path Group:             sys_clk_pin
  Path Type:              Setup (Max at Slow Process Corner)
  Requirement:            10.000ns  (sys_clk_pin rise@10.000ns - sys_clk_pin rise@0.000ns)
  Data Path Delay:        1.434ns  (logic 0.743ns (51.814%)  route 0.691ns (48.186%))
  Logic Levels:           1  (LUT4=1)
  Clock Path Skew:        0.000ns (DCD - SCD + CPR)
    Destination Clock Delay (DCD):    4.927ns = ( 14.927 - 10.000 ) 
    Source Clock Delay      (SCD):    5.228ns
    Clock Pessimism Removal (CPR):    0.301ns
  Clock Uncertainty:      0.035ns  ((TSJ^2 + TIJ^2)^1/2 + DJ) / 2 + PE
    Total System Jitter     (TSJ):    0.071ns
    Total Input Jitter      (TIJ):    0.000ns
    Discrete Jitter          (DJ):    0.000ns
    Phase Error              (PE):    0.000ns

    Location             Delay type                Incr(ns)  Path(ns)    Netlist Resource(s)
  -------------------------------------------------------------------    -------------------
                         (clock sys_clk_pin rise edge)
                                                      0.000     0.000 r  
    E3                                                0.000     0.000 r  clk (IN)
                         net (fo=0)                   0.000     0.000    clk
    E3                   IBUF (Prop_ibuf_I_O)         1.482     1.482 r  clk_IBUF_inst/O
                         net (fo=1, routed)           2.025     3.506    clk_IBUF
    BUFGCTRL_X0Y16       BUFG (Prop_bufg_I_O)         0.096     3.602 r  clk_IBUF_BUFG_inst/O
                         net (fo=4, routed)           1.625     5.228    clk_IBUF_BUFG
    SLICE_X52Y96         FDRE                                         r  counter_reg[3]/C
  -------------------------------------------------------------------    -------------------
    SLICE_X52Y96         FDRE (Prop_fdre_C_Q)         0.419     5.647 r  counter_reg[3]/Q
                         net (fo=2, routed)           0.691     6.338    clk_cpu
    SLICE_X52Y96         LUT4 (Prop_lut4_I3_O)        0.324     6.662 r  counter[3]_i_1/O
                         net (fo=1, routed)           0.000     6.662    p_0_in[3]
    SLICE_X52Y96         FDRE                                         r  counter_reg[3]/D
  -------------------------------------------------------------------    -------------------

                         (clock sys_clk_pin rise edge)
                                                     10.000    10.000 r  
    E3                                                0.000    10.000 r  clk (IN)
                         net (fo=0)                   0.000    10.000    clk
    E3                   IBUF (Prop_ibuf_I_O)         1.411    11.411 r  clk_IBUF_inst/O
                         net (fo=1, routed)           1.920    13.331    clk_IBUF
    BUFGCTRL_X0Y16       BUFG (Prop_bufg_I_O)         0.091    13.422 r  clk_IBUF_BUFG_inst/O
                         net (fo=4, routed)           1.504    14.927    clk_IBUF_BUFG
    SLICE_X52Y96         FDRE                                         r  counter_reg[3]/C
                         clock pessimism              0.301    15.228    
                         clock uncertainty           -0.035    15.192    
    SLICE_X52Y96         FDRE (Setup_fdre_C_D)        0.075    15.267    counter_reg[3]
  -------------------------------------------------------------------
                         required time                         15.267    
                         arrival time                          -6.662    
  -------------------------------------------------------------------
                         slack                                  8.606    

Slack (MET) :             8.755ns  (required time - arrival time)
  Source:                 counter_reg[2]/C
                            (rising edge-triggered cell FDRE clocked by sys_clk_pin  {rise@0.000ns fall@5.000ns period=10.000ns})
  Destination:            counter_reg[2]/D
                            (rising edge-triggered cell FDRE clocked by sys_clk_pin  {rise@0.000ns fall@5.000ns period=10.000ns})
  Path Group:             sys_clk_pin
  Path Type:              Setup (Max at Slow Process Corner)
  Requirement:            10.000ns  (sys_clk_pin rise@10.000ns - sys_clk_pin rise@0.000ns)
  Data Path Delay:        1.241ns  (logic 0.580ns (46.751%)  route 0.661ns (53.249%))
  Logic Levels:           1  (LUT3=1)
  Clock Path Skew:        0.000ns (DCD - SCD + CPR)
    Destination Clock Delay (DCD):    4.927ns = ( 14.927 - 10.000 ) 
    Source Clock Delay      (SCD):    5.228ns
    Clock Pessimism Removal (CPR):    0.301ns
  Clock Uncertainty:      0.035ns  ((TSJ^2 + TIJ^2)^1/2 + DJ) / 2 + PE
    Total System Jitter     (TSJ):    0.071ns
    Total Input Jitter      (TIJ):    0.000ns
    Discrete Jitter          (DJ):    0.000ns
    Phase Error              (PE):    0.000ns

    Location             Delay type                Incr(ns)  Path(ns)    Netlist Resource(s)
  -------------------------------------------------------------------    -------------------
                         (clock sys_clk_pin rise edge)
                                                      0.000     0.000 r  
    E3                                                0.000     0.000 r  clk (IN)
                         net (fo=0)                   0.000     0.000    clk
    E3                   IBUF (Prop_ibuf_I_O)         1.482     1.482 r  clk_IBUF_inst/O
                         net (fo=1, routed)           2.025     3.506    clk_IBUF
    BUFGCTRL_X0Y16       BUFG (Prop_bufg_I_O)         0.096     3.602 r  clk_IBUF_BUFG_inst/O
                         net (fo=4, routed)           1.625     5.228    clk_IBUF_BUFG
    SLICE_X52Y96         FDRE                                         r  counter_reg[2]/C
  -------------------------------------------------------------------    -------------------
    SLICE_X52Y96         FDRE (Prop_fdre_C_Q)         0.456     5.684 r  counter_reg[2]/Q
                         net (fo=2, routed)           0.661     6.344    counter_reg_n_0_[2]
    SLICE_X52Y96         LUT3 (Prop_lut3_I2_O)        0.124     6.468 r  counter[2]_i_1/O
                         net (fo=1, routed)           0.000     6.468    p_0_in[2]
    SLICE_X52Y96         FDRE                                         r  counter_reg[2]/D
  -------------------------------------------------------------------    -------------------

                         (clock sys_clk_pin rise edge)
                                                     10.000    10.000 r  
    E3                                                0.000    10.000 r  clk (IN)
                         net (fo=0)                   0.000    10.000    clk
    E3                   IBUF (Prop_ibuf_I_O)         1.411    11.411 r  clk_IBUF_inst/O
                         net (fo=1, routed)           1.920    13.331    clk_IBUF
    BUFGCTRL_X0Y16       BUFG (Prop_bufg_I_O)         0.091    13.422 r  clk_IBUF_BUFG_inst/O
                         net (fo=4, routed)           1.504    14.927    clk_IBUF_BUFG
    SLICE_X52Y96         FDRE                                         r  counter_reg[2]/C
                         clock pessimism              0.301    15.228    
                         clock uncertainty           -0.035    15.192    
    SLICE_X52Y96         FDRE (Setup_fdre_C_D)        0.031    15.223    counter_reg[2]
  -------------------------------------------------------------------
                         required time                         15.223    
                         arrival time                          -6.468    
  -------------------------------------------------------------------
                         slack                                  8.755    





Min Delay Paths
--------------------------------------------------------------------------------------
Slack (MET) :             0.251ns  (arrival time - required time)
  Source:                 counter_reg[0]/C
                            (rising edge-triggered cell FDRE clocked by sys_clk_pin  {rise@0.000ns fall@5.000ns period=10.000ns})
  Destination:            counter_reg[3]/D
                            (rising edge-triggered cell FDRE clocked by sys_clk_pin  {rise@0.000ns fall@5.000ns period=10.000ns})
  Path Group:             sys_clk_pin
  Path Type:              Hold (Min at Fast Process Corner)
  Requirement:            0.000ns  (sys_clk_pin rise@0.000ns - sys_clk_pin rise@0.000ns)
  Data Path Delay:        0.358ns  (logic 0.184ns (51.423%)  route 0.174ns (48.577%))
  Logic Levels:           1  (LUT4=1)
  Clock Path Skew:        0.000ns (DCD - SCD - CPR)
    Destination Clock Delay (DCD):    1.999ns
    Source Clock Delay      (SCD):    1.483ns
    Clock Pessimism Removal (CPR):    0.515ns

    Location             Delay type                Incr(ns)  Path(ns)    Netlist Resource(s)
  -------------------------------------------------------------------    -------------------
                         (clock sys_clk_pin rise edge)
                                                      0.000     0.000 r  
    E3                                                0.000     0.000 r  clk (IN)
                         net (fo=0)                   0.000     0.000    clk
    E3                   IBUF (Prop_ibuf_I_O)         0.250     0.250 r  clk_IBUF_inst/O
                         net (fo=1, routed)           0.644     0.894    clk_IBUF
    BUFGCTRL_X0Y16       BUFG (Prop_bufg_I_O)         0.026     0.920 r  clk_IBUF_BUFG_inst/O
                         net (fo=4, routed)           0.564     1.483    clk_IBUF_BUFG
    SLICE_X52Y96         FDRE                                         r  counter_reg[0]/C
  -------------------------------------------------------------------    -------------------
    SLICE_X52Y96         FDRE (Prop_fdre_C_Q)         0.141     1.624 r  counter_reg[0]/Q
                         net (fo=4, routed)           0.174     1.798    counter_reg_n_0_[0]
    SLICE_X52Y96         LUT4 (Prop_lut4_I1_O)        0.043     1.841 r  counter[3]_i_1/O
                         net (fo=1, routed)           0.000     1.841    p_0_in[3]
    SLICE_X52Y96         FDRE                                         r  counter_reg[3]/D
  -------------------------------------------------------------------    -------------------

                         (clock sys_clk_pin rise edge)
                                                      0.000     0.000 r  
    E3                                                0.000     0.000 r  clk (IN)
                         net (fo=0)                   0.000     0.000    clk
    E3                   IBUF (Prop_ibuf_I_O)         0.438     0.438 r  clk_IBUF_inst/O
                         net (fo=1, routed)           0.699     1.136    clk_IBUF
    BUFGCTRL_X0Y16       BUFG (Prop_bufg_I_O)         0.029     1.165 r  clk_IBUF_BUFG_inst/O
                         net (fo=4, routed)           0.834     1.999    clk_IBUF_BUFG
    SLICE_X52Y96         FDRE                                         r  counter_reg[3]/C
                         clock pessimism             -0.515     1.483    
    SLICE_X52Y96         FDRE (Hold_fdre_C_D)         0.107     1.590    counter_reg[3]
  -------------------------------------------------------------------
                         required time                         -1.590    
                         arrival time                           1.841    
  -------------------------------------------------------------------
                         slack                                  0.251    

Slack (MET) :             0.268ns  (arrival time - required time)
  Source:                 counter_reg[0]/C
                            (rising edge-triggered cell FDRE clocked by sys_clk_pin  {rise@0.000ns fall@5.000ns period=10.000ns})
  Destination:            counter_reg[2]/D
                            (rising edge-triggered cell FDRE clocked by sys_clk_pin  {rise@0.000ns fall@5.000ns period=10.000ns})
  Path Group:             sys_clk_pin
  Path Type:              Hold (Min at Fast Process Corner)
  Requirement:            0.000ns  (sys_clk_pin rise@0.000ns - sys_clk_pin rise@0.000ns)
  Data Path Delay:        0.360ns  (logic 0.186ns (51.693%)  route 0.174ns (48.307%))
  Logic Levels:           1  (LUT3=1)
  Clock Path Skew:        0.000ns (DCD - SCD - CPR)
    Destination Clock Delay (DCD):    1.999ns
    Source Clock Delay      (SCD):    1.483ns
    Clock Pessimism Removal (CPR):    0.515ns

    Location             Delay type                Incr(ns)  Path(ns)    Netlist Resource(s)
  -------------------------------------------------------------------    -------------------
                         (clock sys_clk_pin rise edge)
                                                      0.000     0.000 r  
    E3                                                0.000     0.000 r  clk (IN)
                         net (fo=0)                   0.000     0.000    clk
    E3                   IBUF (Prop_ibuf_I_O)         0.250     0.250 r  clk_IBUF_inst/O
                         net (fo=1, routed)           0.644     0.894    clk_IBUF
    BUFGCTRL_X0Y16       BUFG (Prop_bufg_I_O)         0.026     0.920 r  clk_IBUF_BUFG_inst/O
                         net (fo=4, routed)           0.564     1.483    clk_IBUF_BUFG
    SLICE_X52Y96         FDRE                                         r  counter_reg[0]/C
  -------------------------------------------------------------------    -------------------
    SLICE_X52Y96         FDRE (Prop_fdre_C_Q)         0.141     1.624 r  counter_reg[0]/Q
                         net (fo=4, routed)           0.174     1.798    counter_reg_n_0_[0]
    SLICE_X52Y96         LUT3 (Prop_lut3_I0_O)        0.045     1.843 r  counter[2]_i_1/O
                         net (fo=1, routed)           0.000     1.843    p_0_in[2]
    SLICE_X52Y96         FDRE                                         r  counter_reg[2]/D
  -------------------------------------------------------------------    -------------------

                         (clock sys_clk_pin rise edge)
                                                      0.000     0.000 r  
    E3                                                0.000     0.000 r  clk (IN)
                         net (fo=0)                   0.000     0.000    clk
    E3                   IBUF (Prop_ibuf_I_O)         0.438     0.438 r  clk_IBUF_inst/O
                         net (fo=1, routed)           0.699     1.136    clk_IBUF
    BUFGCTRL_X0Y16       BUFG (Prop_bufg_I_O)         0.029     1.165 r  clk_IBUF_BUFG_inst/O
                         net (fo=4, routed)           0.834     1.999    clk_IBUF_BUFG
    SLICE_X52Y96         FDRE                                         r  counter_reg[2]/C
                         clock pessimism             -0.515     1.483    
    SLICE_X52Y96         FDRE (Hold_fdre_C_D)         0.092     1.575    counter_reg[2]
  -------------------------------------------------------------------
                         required time                         -1.575    
                         arrival time                           1.843    
  -------------------------------------------------------------------
                         slack                                  0.268    

Slack (MET) :             0.413ns  (arrival time - required time)
  Source:                 counter_reg[1]/C
                            (rising edge-triggered cell FDRE clocked by sys_clk_pin  {rise@0.000ns fall@5.000ns period=10.000ns})
  Destination:            counter_reg[1]/D
                            (rising edge-triggered cell FDRE clocked by sys_clk_pin  {rise@0.000ns fall@5.000ns period=10.000ns})
  Path Group:             sys_clk_pin
  Path Type:              Hold (Min at Fast Process Corner)
  Requirement:            0.000ns  (sys_clk_pin rise@0.000ns - sys_clk_pin rise@0.000ns)
  Data Path Delay:        0.520ns  (logic 0.226ns (43.453%)  route 0.294ns (56.547%))
  Logic Levels:           1  (LUT2=1)
  Clock Path Skew:        0.000ns (DCD - SCD - CPR)
    Destination Clock Delay (DCD):    1.999ns
    Source Clock Delay      (SCD):    1.483ns
    Clock Pessimism Removal (CPR):    0.515ns

    Location             Delay type                Incr(ns)  Path(ns)    Netlist Resource(s)
  -------------------------------------------------------------------    -------------------
                         (clock sys_clk_pin rise edge)
                                                      0.000     0.000 r  
    E3                                                0.000     0.000 r  clk (IN)
                         net (fo=0)                   0.000     0.000    clk
    E3                   IBUF (Prop_ibuf_I_O)         0.250     0.250 r  clk_IBUF_inst/O
                         net (fo=1, routed)           0.644     0.894    clk_IBUF
    BUFGCTRL_X0Y16       BUFG (Prop_bufg_I_O)         0.026     0.920 r  clk_IBUF_BUFG_inst/O
                         net (fo=4, routed)           0.564     1.483    clk_IBUF_BUFG
    SLICE_X52Y96         FDRE                                         r  counter_reg[1]/C
  -------------------------------------------------------------------    -------------------
    SLICE_X52Y96         FDRE (Prop_fdre_C_Q)         0.128     1.611 r  counter_reg[1]/Q
                         net (fo=3, routed)           0.294     1.905    counter_reg_n_0_[1]
    SLICE_X52Y96         LUT2 (Prop_lut2_I1_O)        0.098     2.003 r  counter[1]_i_1/O
                         net (fo=1, routed)           0.000     2.003    p_0_in[1]
    SLICE_X52Y96         FDRE                                         r  counter_reg[1]/D
  -------------------------------------------------------------------    -------------------

                         (clock sys_clk_pin rise edge)
                                                      0.000     0.000 r  
    E3                                                0.000     0.000 r  clk (IN)
                         net (fo=0)                   0.000     0.000    clk
    E3                   IBUF (Prop_ibuf_I_O)         0.438     0.438 r  clk_IBUF_inst/O
                         net (fo=1, routed)           0.699     1.136    clk_IBUF
    BUFGCTRL_X0Y16       BUFG (Prop_bufg_I_O)         0.029     1.165 r  clk_IBUF_BUFG_inst/O
                         net (fo=4, routed)           0.834     1.999    clk_IBUF_BUFG
    SLICE_X52Y96         FDRE                                         r  counter_reg[1]/C
                         clock pessimism             -0.515     1.483    
    SLICE_X52Y96         FDRE (Hold_fdre_C_D)         0.107     1.590    counter_reg[1]
  -------------------------------------------------------------------
                         required time                         -1.590    
                         arrival time                           2.003    
  -------------------------------------------------------------------
                         slack                                  0.413    

Slack (MET) :             0.475ns  (arrival time - required time)
  Source:                 counter_reg[0]/C
                            (rising edge-triggered cell FDRE clocked by sys_clk_pin  {rise@0.000ns fall@5.000ns period=10.000ns})
  Destination:            counter_reg[0]/D
                            (rising edge-triggered cell FDRE clocked by sys_clk_pin  {rise@0.000ns fall@5.000ns period=10.000ns})
  Path Group:             sys_clk_pin
  Path Type:              Hold (Min at Fast Process Corner)
  Requirement:            0.000ns  (sys_clk_pin rise@0.000ns - sys_clk_pin rise@0.000ns)
  Data Path Delay:        0.566ns  (logic 0.186ns (32.846%)  route 0.380ns (67.154%))
  Logic Levels:           1  (LUT1=1)
  Clock Path Skew:        0.000ns (DCD - SCD - CPR)
    Destination Clock Delay (DCD):    1.999ns
    Source Clock Delay      (SCD):    1.483ns
    Clock Pessimism Removal (CPR):    0.515ns

    Location             Delay type                Incr(ns)  Path(ns)    Netlist Resource(s)
  -------------------------------------------------------------------    -------------------
                         (clock sys_clk_pin rise edge)
                                                      0.000     0.000 r  
    E3                                                0.000     0.000 r  clk (IN)
                         net (fo=0)                   0.000     0.000    clk
    E3                   IBUF (Prop_ibuf_I_O)         0.250     0.250 r  clk_IBUF_inst/O
                         net (fo=1, routed)           0.644     0.894    clk_IBUF
    BUFGCTRL_X0Y16       BUFG (Prop_bufg_I_O)         0.026     0.920 r  clk_IBUF_BUFG_inst/O
                         net (fo=4, routed)           0.564     1.483    clk_IBUF_BUFG
    SLICE_X52Y96         FDRE                                         r  counter_reg[0]/C
  -------------------------------------------------------------------    -------------------
    SLICE_X52Y96         FDRE (Prop_fdre_C_Q)         0.141     1.624 f  counter_reg[0]/Q
                         net (fo=4, routed)           0.380     2.005    counter_reg_n_0_[0]
    SLICE_X52Y96         LUT1 (Prop_lut1_I0_O)        0.045     2.050 r  counter[0]_i_1/O
                         net (fo=1, routed)           0.000     2.050    p_0_in[0]
    SLICE_X52Y96         FDRE                                         r  counter_reg[0]/D
  -------------------------------------------------------------------    -------------------

                         (clock sys_clk_pin rise edge)
                                                      0.000     0.000 r  
    E3                                                0.000     0.000 r  clk (IN)
                         net (fo=0)                   0.000     0.000    clk
    E3                   IBUF (Prop_ibuf_I_O)         0.438     0.438 r  clk_IBUF_inst/O
                         net (fo=1, routed)           0.699     1.136    clk_IBUF
    BUFGCTRL_X0Y16       BUFG (Prop_bufg_I_O)         0.029     1.165 r  clk_IBUF_BUFG_inst/O
                         net (fo=4, routed)           0.834     1.999    clk_IBUF_BUFG
    SLICE_X52Y96         FDRE                                         r  counter_reg[0]/C
                         clock pessimism             -0.515     1.483    
    SLICE_X52Y96         FDRE (Hold_fdre_C_D)         0.091     1.574    counter_reg[0]
  -------------------------------------------------------------------
                         required time                         -1.574    
                         arrival time                           2.050    
  -------------------------------------------------------------------
                         slack                                  0.475    





Pulse Width Checks
--------------------------------------------------------------------------------------
Clock Name:         sys_clk_pin
Waveform(ns):       { 0.000 5.000 }
Period(ns):         10.000
Sources:            { clk }

Check Type        Corner  Lib Pin  Reference Pin  Required(ns)  Actual(ns)  Slack(ns)  Location        Pin
Min Period        n/a     BUFG/I   n/a            2.155         10.000      7.845      BUFGCTRL_X0Y16  clk_IBUF_BUFG_inst/I
Min Period        n/a     FDRE/C   n/a            1.000         10.000      9.000      SLICE_X52Y96    counter_reg[0]/C
Min Period        n/a     FDRE/C   n/a            1.000         10.000      9.000      SLICE_X52Y96    counter_reg[1]/C
Min Period        n/a     FDRE/C   n/a            1.000         10.000      9.000      SLICE_X52Y96    counter_reg[2]/C
Min Period        n/a     FDRE/C   n/a            1.000         10.000      9.000      SLICE_X52Y96    counter_reg[3]/C
Low Pulse Width   Slow    FDRE/C   n/a            0.500         5.000       4.500      SLICE_X52Y96    counter_reg[0]/C
Low Pulse Width   Fast    FDRE/C   n/a            0.500         5.000       4.500      SLICE_X52Y96    counter_reg[0]/C
Low Pulse Width   Slow    FDRE/C   n/a            0.500         5.000       4.500      SLICE_X52Y96    counter_reg[1]/C
Low Pulse Width   Fast    FDRE/C   n/a            0.500         5.000       4.500      SLICE_X52Y96    counter_reg[1]/C
Low Pulse Width   Slow    FDRE/C   n/a            0.500         5.000       4.500      SLICE_X52Y96    counter_reg[2]/C
Low Pulse Width   Fast    FDRE/C   n/a            0.500         5.000       4.500      SLICE_X52Y96    counter_reg[2]/C
Low Pulse Width   Slow    FDRE/C   n/a            0.500         5.000       4.500      SLICE_X52Y96    counter_reg[3]/C
Low Pulse Width   Fast    FDRE/C   n/a            0.500         5.000       4.500      SLICE_X52Y96    counter_reg[3]/C
High Pulse Width  Slow    FDRE/C   n/a            0.500         5.000       4.500      SLICE_X52Y96    counter_reg[0]/C
High Pulse Width  Fast    FDRE/C   n/a            0.500         5.000       4.500      SLICE_X52Y96    counter_reg[0]/C
High Pulse Width  Slow    FDRE/C   n/a            0.500         5.000       4.500      SLICE_X52Y96    counter_reg[1]/C
High Pulse Width  Fast    FDRE/C   n/a            0.500         5.000       4.500      SLICE_X52Y96    counter_reg[1]/C
High Pulse Width  Slow    FDRE/C   n/a            0.500         5.000       4.500      SLICE_X52Y96    counter_reg[2]/C
High Pulse Width  Fast    FDRE/C   n/a            0.500         5.000       4.500      SLICE_X52Y96    counter_reg[2]/C
High Pulse Width  Slow    FDRE/C   n/a            0.500         5.000       4.500      SLICE_X52Y96    counter_reg[3]/C
High Pulse Width  Fast    FDRE/C   n/a            0.500         5.000       4.500      SLICE_X52Y96    counter_reg[3]/C



--------------------------------------------------------------------------------------
Path Group:  (none)
From Clock:  
  To Clock:  

Max Delay          2811 Endpoints
Min Delay          2811 Endpoints
--------------------------------------------------------------------------------------


Max Delay Paths
--------------------------------------------------------------------------------------
Slack:                    inf
  Source:                 btnU
                            (input port)
  Destination:            cpu/RD1E_reg[27]/R
  Path Group:             (none)
  Path Type:              Max at Slow Process Corner
  Data Path Delay:        19.965ns  (logic 4.158ns (20.826%)  route 15.807ns (79.174%))
  Logic Levels:           14  (CARRY4=4 IBUF=1 LUT2=3 LUT3=1 LUT4=2 LUT5=1 LUT6=2)

    Location             Delay type                Incr(ns)  Path(ns)    Netlist Resource(s)
  -------------------------------------------------------------------    -------------------
    F15                                               0.000     0.000 r  btnU (IN)
                         net (fo=0)                   0.000     0.000    btnU
    F15                  IBUF (Prop_ibuf_I_O)         1.473     1.473 r  btnU_IBUF_inst/O
                         net (fo=1, routed)           5.930     7.403    cpu/alu/btnU_IBUF
    SLICE_X85Y54         LUT2 (Prop_lut2_I0_O)        0.152     7.555 r  cpu/alu/ReadDataW[3]_i_3/O
                         net (fo=1, routed)           0.433     7.988    cpu/alu/ReadDataW[3]_i_3_n_0
    SLICE_X85Y54         LUT6 (Prop_lut6_I5_O)        0.326     8.314 r  cpu/alu/ReadDataW[3]_i_1/O
                         net (fo=4, routed)           0.708     9.022    cpu/alu/mem_read_data[3]
    SLICE_X78Y54         LUT5 (Prop_lut5_I2_O)        0.124     9.146 r  cpu/alu/WriteDataM[3]_i_1/O
                         net (fo=11, routed)          0.620     9.767    cpu/alu/RD2E_reg[22][3]
    SLICE_X74Y54         LUT4 (Prop_lut4_I3_O)        0.117     9.884 r  cpu/alu/result2_carry_i_14/O
                         net (fo=108, routed)         1.276    11.159    cpu/alu/ExtImmE_reg[23][2]
    SLICE_X74Y55         LUT2 (Prop_lut2_I1_O)        0.348    11.507 f  cpu/alu/result2_carry_i_22/O
                         net (fo=5, routed)           1.001    12.508    cpu/alu/pcE_reg[3]
    SLICE_X73Y58         LUT2 (Prop_lut2_I1_O)        0.124    12.632 r  cpu/alu/result2_carry_i_7/O
                         net (fo=1, routed)           0.000    12.632    cpu/alu/result2_carry_i_7_n_0
    SLICE_X73Y58         CARRY4 (Prop_carry4_S[1]_CO[3])
                                                      0.550    13.182 r  cpu/alu/result2_carry/CO[3]
                         net (fo=1, routed)           0.000    13.182    cpu/alu/result2_carry_n_0
    SLICE_X73Y59         CARRY4 (Prop_carry4_CI_CO[3])
                                                      0.114    13.296 r  cpu/alu/result2_carry__0/CO[3]
                         net (fo=1, routed)           0.000    13.296    cpu/alu/result2_carry__0_n_0
    SLICE_X73Y60         CARRY4 (Prop_carry4_CI_CO[3])
                                                      0.114    13.410 r  cpu/alu/result2_carry__1/CO[3]
                         net (fo=1, routed)           0.000    13.410    cpu/alu/result2_carry__1_n_0
    SLICE_X73Y61         CARRY4 (Prop_carry4_CI_CO[3])
                                                      0.114    13.524 r  cpu/alu/result2_carry__2/CO[3]
                         net (fo=2, routed)           1.348    14.872    cpu/alu/alu_flags[0]
    SLICE_X74Y54         LUT6 (Prop_lut6_I4_O)        0.124    14.996 r  cpu/alu/instrD[31]_i_4/O
                         net (fo=1, routed)           0.817    15.812    cpu/alu/instrD[31]_i_4_n_0
    SLICE_X73Y54         LUT3 (Prop_lut3_I0_O)        0.152    15.964 r  cpu/alu/instrD[31]_i_3/O
                         net (fo=64, routed)          0.469    16.434    cpu/alu/PC_src[0]
    SLICE_X73Y54         LUT4 (Prop_lut4_I2_O)        0.326    16.760 r  cpu/alu/instrD[31]_i_1/O
                         net (fo=211, routed)         3.206    19.965    cpu/funct3E[0]
    SLICE_X82Y63         FDRE                                         r  cpu/RD1E_reg[27]/R
  -------------------------------------------------------------------    -------------------

Slack:                    inf
  Source:                 btnU
                            (input port)
  Destination:            cpu/RD1E_reg[24]/R
  Path Group:             (none)
  Path Type:              Max at Slow Process Corner
  Data Path Delay:        19.961ns  (logic 4.158ns (20.831%)  route 15.803ns (79.169%))
  Logic Levels:           14  (CARRY4=4 IBUF=1 LUT2=3 LUT3=1 LUT4=2 LUT5=1 LUT6=2)

    Location             Delay type                Incr(ns)  Path(ns)    Netlist Resource(s)
  -------------------------------------------------------------------    -------------------
    F15                                               0.000     0.000 r  btnU (IN)
                         net (fo=0)                   0.000     0.000    btnU
    F15                  IBUF (Prop_ibuf_I_O)         1.473     1.473 r  btnU_IBUF_inst/O
                         net (fo=1, routed)           5.930     7.403    cpu/alu/btnU_IBUF
    SLICE_X85Y54         LUT2 (Prop_lut2_I0_O)        0.152     7.555 r  cpu/alu/ReadDataW[3]_i_3/O
                         net (fo=1, routed)           0.433     7.988    cpu/alu/ReadDataW[3]_i_3_n_0
    SLICE_X85Y54         LUT6 (Prop_lut6_I5_O)        0.326     8.314 r  cpu/alu/ReadDataW[3]_i_1/O
                         net (fo=4, routed)           0.708     9.022    cpu/alu/mem_read_data[3]
    SLICE_X78Y54         LUT5 (Prop_lut5_I2_O)        0.124     9.146 r  cpu/alu/WriteDataM[3]_i_1/O
                         net (fo=11, routed)          0.620     9.767    cpu/alu/RD2E_reg[22][3]
    SLICE_X74Y54         LUT4 (Prop_lut4_I3_O)        0.117     9.884 r  cpu/alu/result2_carry_i_14/O
                         net (fo=108, routed)         1.276    11.159    cpu/alu/ExtImmE_reg[23][2]
    SLICE_X74Y55         LUT2 (Prop_lut2_I1_O)        0.348    11.507 f  cpu/alu/result2_carry_i_22/O
                         net (fo=5, routed)           1.001    12.508    cpu/alu/pcE_reg[3]
    SLICE_X73Y58         LUT2 (Prop_lut2_I1_O)        0.124    12.632 r  cpu/alu/result2_carry_i_7/O
                         net (fo=1, routed)           0.000    12.632    cpu/alu/result2_carry_i_7_n_0
    SLICE_X73Y58         CARRY4 (Prop_carry4_S[1]_CO[3])
                                                      0.550    13.182 r  cpu/alu/result2_carry/CO[3]
                         net (fo=1, routed)           0.000    13.182    cpu/alu/result2_carry_n_0
    SLICE_X73Y59         CARRY4 (Prop_carry4_CI_CO[3])
                                                      0.114    13.296 r  cpu/alu/result2_carry__0/CO[3]
                         net (fo=1, routed)           0.000    13.296    cpu/alu/result2_carry__0_n_0
    SLICE_X73Y60         CARRY4 (Prop_carry4_CI_CO[3])
                                                      0.114    13.410 r  cpu/alu/result2_carry__1/CO[3]
                         net (fo=1, routed)           0.000    13.410    cpu/alu/result2_carry__1_n_0
    SLICE_X73Y61         CARRY4 (Prop_carry4_CI_CO[3])
                                                      0.114    13.524 r  cpu/alu/result2_carry__2/CO[3]
                         net (fo=2, routed)           1.348    14.872    cpu/alu/alu_flags[0]
    SLICE_X74Y54         LUT6 (Prop_lut6_I4_O)        0.124    14.996 r  cpu/alu/instrD[31]_i_4/O
                         net (fo=1, routed)           0.817    15.812    cpu/alu/instrD[31]_i_4_n_0
    SLICE_X73Y54         LUT3 (Prop_lut3_I0_O)        0.152    15.964 r  cpu/alu/instrD[31]_i_3/O
                         net (fo=64, routed)          0.469    16.434    cpu/alu/PC_src[0]
    SLICE_X73Y54         LUT4 (Prop_lut4_I2_O)        0.326    16.760 r  cpu/alu/instrD[31]_i_1/O
                         net (fo=211, routed)         3.201    19.961    cpu/funct3E[0]
    SLICE_X83Y63         FDRE                                         r  cpu/RD1E_reg[24]/R
  -------------------------------------------------------------------    -------------------

Slack:                    inf
  Source:                 btnU
                            (input port)
  Destination:            cpu/RD2E_reg[24]/R
  Path Group:             (none)
  Path Type:              Max at Slow Process Corner
  Data Path Delay:        19.961ns  (logic 4.158ns (20.831%)  route 15.803ns (79.169%))
  Logic Levels:           14  (CARRY4=4 IBUF=1 LUT2=3 LUT3=1 LUT4=2 LUT5=1 LUT6=2)

    Location             Delay type                Incr(ns)  Path(ns)    Netlist Resource(s)
  -------------------------------------------------------------------    -------------------
    F15                                               0.000     0.000 r  btnU (IN)
                         net (fo=0)                   0.000     0.000    btnU
    F15                  IBUF (Prop_ibuf_I_O)         1.473     1.473 r  btnU_IBUF_inst/O
                         net (fo=1, routed)           5.930     7.403    cpu/alu/btnU_IBUF
    SLICE_X85Y54         LUT2 (Prop_lut2_I0_O)        0.152     7.555 r  cpu/alu/ReadDataW[3]_i_3/O
                         net (fo=1, routed)           0.433     7.988    cpu/alu/ReadDataW[3]_i_3_n_0
    SLICE_X85Y54         LUT6 (Prop_lut6_I5_O)        0.326     8.314 r  cpu/alu/ReadDataW[3]_i_1/O
                         net (fo=4, routed)           0.708     9.022    cpu/alu/mem_read_data[3]
    SLICE_X78Y54         LUT5 (Prop_lut5_I2_O)        0.124     9.146 r  cpu/alu/WriteDataM[3]_i_1/O
                         net (fo=11, routed)          0.620     9.767    cpu/alu/RD2E_reg[22][3]
    SLICE_X74Y54         LUT4 (Prop_lut4_I3_O)        0.117     9.884 r  cpu/alu/result2_carry_i_14/O
                         net (fo=108, routed)         1.276    11.159    cpu/alu/ExtImmE_reg[23][2]
    SLICE_X74Y55         LUT2 (Prop_lut2_I1_O)        0.348    11.507 f  cpu/alu/result2_carry_i_22/O
                         net (fo=5, routed)           1.001    12.508    cpu/alu/pcE_reg[3]
    SLICE_X73Y58         LUT2 (Prop_lut2_I1_O)        0.124    12.632 r  cpu/alu/result2_carry_i_7/O
                         net (fo=1, routed)           0.000    12.632    cpu/alu/result2_carry_i_7_n_0
    SLICE_X73Y58         CARRY4 (Prop_carry4_S[1]_CO[3])
                                                      0.550    13.182 r  cpu/alu/result2_carry/CO[3]
                         net (fo=1, routed)           0.000    13.182    cpu/alu/result2_carry_n_0
    SLICE_X73Y59         CARRY4 (Prop_carry4_CI_CO[3])
                                                      0.114    13.296 r  cpu/alu/result2_carry__0/CO[3]
                         net (fo=1, routed)           0.000    13.296    cpu/alu/result2_carry__0_n_0
    SLICE_X73Y60         CARRY4 (Prop_carry4_CI_CO[3])
                                                      0.114    13.410 r  cpu/alu/result2_carry__1/CO[3]
                         net (fo=1, routed)           0.000    13.410    cpu/alu/result2_carry__1_n_0
    SLICE_X73Y61         CARRY4 (Prop_carry4_CI_CO[3])
                                                      0.114    13.524 r  cpu/alu/result2_carry__2/CO[3]
                         net (fo=2, routed)           1.348    14.872    cpu/alu/alu_flags[0]
    SLICE_X74Y54         LUT6 (Prop_lut6_I4_O)        0.124    14.996 r  cpu/alu/instrD[31]_i_4/O
                         net (fo=1, routed)           0.817    15.812    cpu/alu/instrD[31]_i_4_n_0
    SLICE_X73Y54         LUT3 (Prop_lut3_I0_O)        0.152    15.964 r  cpu/alu/instrD[31]_i_3/O
                         net (fo=64, routed)          0.469    16.434    cpu/alu/PC_src[0]
    SLICE_X73Y54         LUT4 (Prop_lut4_I2_O)        0.326    16.760 r  cpu/alu/instrD[31]_i_1/O
                         net (fo=211, routed)         3.201    19.961    cpu/funct3E[0]
    SLICE_X83Y63         FDRE                                         r  cpu/RD2E_reg[24]/R
  -------------------------------------------------------------------    -------------------

Slack:                    inf
  Source:                 btnU
                            (input port)
  Destination:            cpu/RD2E_reg[27]/R
  Path Group:             (none)
  Path Type:              Max at Slow Process Corner
  Data Path Delay:        19.961ns  (logic 4.158ns (20.831%)  route 15.803ns (79.169%))
  Logic Levels:           14  (CARRY4=4 IBUF=1 LUT2=3 LUT3=1 LUT4=2 LUT5=1 LUT6=2)

    Location             Delay type                Incr(ns)  Path(ns)    Netlist Resource(s)
  -------------------------------------------------------------------    -------------------
    F15                                               0.000     0.000 r  btnU (IN)
                         net (fo=0)                   0.000     0.000    btnU
    F15                  IBUF (Prop_ibuf_I_O)         1.473     1.473 r  btnU_IBUF_inst/O
                         net (fo=1, routed)           5.930     7.403    cpu/alu/btnU_IBUF
    SLICE_X85Y54         LUT2 (Prop_lut2_I0_O)        0.152     7.555 r  cpu/alu/ReadDataW[3]_i_3/O
                         net (fo=1, routed)           0.433     7.988    cpu/alu/ReadDataW[3]_i_3_n_0
    SLICE_X85Y54         LUT6 (Prop_lut6_I5_O)        0.326     8.314 r  cpu/alu/ReadDataW[3]_i_1/O
                         net (fo=4, routed)           0.708     9.022    cpu/alu/mem_read_data[3]
    SLICE_X78Y54         LUT5 (Prop_lut5_I2_O)        0.124     9.146 r  cpu/alu/WriteDataM[3]_i_1/O
                         net (fo=11, routed)          0.620     9.767    cpu/alu/RD2E_reg[22][3]
    SLICE_X74Y54         LUT4 (Prop_lut4_I3_O)        0.117     9.884 r  cpu/alu/result2_carry_i_14/O
                         net (fo=108, routed)         1.276    11.159    cpu/alu/ExtImmE_reg[23][2]
    SLICE_X74Y55         LUT2 (Prop_lut2_I1_O)        0.348    11.507 f  cpu/alu/result2_carry_i_22/O
                         net (fo=5, routed)           1.001    12.508    cpu/alu/pcE_reg[3]
    SLICE_X73Y58         LUT2 (Prop_lut2_I1_O)        0.124    12.632 r  cpu/alu/result2_carry_i_7/O
                         net (fo=1, routed)           0.000    12.632    cpu/alu/result2_carry_i_7_n_0
    SLICE_X73Y58         CARRY4 (Prop_carry4_S[1]_CO[3])
                                                      0.550    13.182 r  cpu/alu/result2_carry/CO[3]
                         net (fo=1, routed)           0.000    13.182    cpu/alu/result2_carry_n_0
    SLICE_X73Y59         CARRY4 (Prop_carry4_CI_CO[3])
                                                      0.114    13.296 r  cpu/alu/result2_carry__0/CO[3]
                         net (fo=1, routed)           0.000    13.296    cpu/alu/result2_carry__0_n_0
    SLICE_X73Y60         CARRY4 (Prop_carry4_CI_CO[3])
                                                      0.114    13.410 r  cpu/alu/result2_carry__1/CO[3]
                         net (fo=1, routed)           0.000    13.410    cpu/alu/result2_carry__1_n_0
    SLICE_X73Y61         CARRY4 (Prop_carry4_CI_CO[3])
                                                      0.114    13.524 r  cpu/alu/result2_carry__2/CO[3]
                         net (fo=2, routed)           1.348    14.872    cpu/alu/alu_flags[0]
    SLICE_X74Y54         LUT6 (Prop_lut6_I4_O)        0.124    14.996 r  cpu/alu/instrD[31]_i_4/O
                         net (fo=1, routed)           0.817    15.812    cpu/alu/instrD[31]_i_4_n_0
    SLICE_X73Y54         LUT3 (Prop_lut3_I0_O)        0.152    15.964 r  cpu/alu/instrD[31]_i_3/O
                         net (fo=64, routed)          0.469    16.434    cpu/alu/PC_src[0]
    SLICE_X73Y54         LUT4 (Prop_lut4_I2_O)        0.326    16.760 r  cpu/alu/instrD[31]_i_1/O
                         net (fo=211, routed)         3.201    19.961    cpu/funct3E[0]
    SLICE_X83Y63         FDRE                                         r  cpu/RD2E_reg[27]/R
  -------------------------------------------------------------------    -------------------

Slack:                    inf
  Source:                 btnU
                            (input port)
  Destination:            cpu/RD1E_reg[13]/R
  Path Group:             (none)
  Path Type:              Max at Slow Process Corner
  Data Path Delay:        19.875ns  (logic 4.158ns (20.921%)  route 15.717ns (79.079%))
  Logic Levels:           14  (CARRY4=4 IBUF=1 LUT2=3 LUT3=1 LUT4=2 LUT5=1 LUT6=2)

    Location             Delay type                Incr(ns)  Path(ns)    Netlist Resource(s)
  -------------------------------------------------------------------    -------------------
    F15                                               0.000     0.000 r  btnU (IN)
                         net (fo=0)                   0.000     0.000    btnU
    F15                  IBUF (Prop_ibuf_I_O)         1.473     1.473 r  btnU_IBUF_inst/O
                         net (fo=1, routed)           5.930     7.403    cpu/alu/btnU_IBUF
    SLICE_X85Y54         LUT2 (Prop_lut2_I0_O)        0.152     7.555 r  cpu/alu/ReadDataW[3]_i_3/O
                         net (fo=1, routed)           0.433     7.988    cpu/alu/ReadDataW[3]_i_3_n_0
    SLICE_X85Y54         LUT6 (Prop_lut6_I5_O)        0.326     8.314 r  cpu/alu/ReadDataW[3]_i_1/O
                         net (fo=4, routed)           0.708     9.022    cpu/alu/mem_read_data[3]
    SLICE_X78Y54         LUT5 (Prop_lut5_I2_O)        0.124     9.146 r  cpu/alu/WriteDataM[3]_i_1/O
                         net (fo=11, routed)          0.620     9.767    cpu/alu/RD2E_reg[22][3]
    SLICE_X74Y54         LUT4 (Prop_lut4_I3_O)        0.117     9.884 r  cpu/alu/result2_carry_i_14/O
                         net (fo=108, routed)         1.276    11.159    cpu/alu/ExtImmE_reg[23][2]
    SLICE_X74Y55         LUT2 (Prop_lut2_I1_O)        0.348    11.507 f  cpu/alu/result2_carry_i_22/O
                         net (fo=5, routed)           1.001    12.508    cpu/alu/pcE_reg[3]
    SLICE_X73Y58         LUT2 (Prop_lut2_I1_O)        0.124    12.632 r  cpu/alu/result2_carry_i_7/O
                         net (fo=1, routed)           0.000    12.632    cpu/alu/result2_carry_i_7_n_0
    SLICE_X73Y58         CARRY4 (Prop_carry4_S[1]_CO[3])
                                                      0.550    13.182 r  cpu/alu/result2_carry/CO[3]
                         net (fo=1, routed)           0.000    13.182    cpu/alu/result2_carry_n_0
    SLICE_X73Y59         CARRY4 (Prop_carry4_CI_CO[3])
                                                      0.114    13.296 r  cpu/alu/result2_carry__0/CO[3]
                         net (fo=1, routed)           0.000    13.296    cpu/alu/result2_carry__0_n_0
    SLICE_X73Y60         CARRY4 (Prop_carry4_CI_CO[3])
                                                      0.114    13.410 r  cpu/alu/result2_carry__1/CO[3]
                         net (fo=1, routed)           0.000    13.410    cpu/alu/result2_carry__1_n_0
    SLICE_X73Y61         CARRY4 (Prop_carry4_CI_CO[3])
                                                      0.114    13.524 r  cpu/alu/result2_carry__2/CO[3]
                         net (fo=2, routed)           1.348    14.872    cpu/alu/alu_flags[0]
    SLICE_X74Y54         LUT6 (Prop_lut6_I4_O)        0.124    14.996 r  cpu/alu/instrD[31]_i_4/O
                         net (fo=1, routed)           0.817    15.812    cpu/alu/instrD[31]_i_4_n_0
    SLICE_X73Y54         LUT3 (Prop_lut3_I0_O)        0.152    15.964 r  cpu/alu/instrD[31]_i_3/O
                         net (fo=64, routed)          0.469    16.434    cpu/alu/PC_src[0]
    SLICE_X73Y54         LUT4 (Prop_lut4_I2_O)        0.326    16.760 r  cpu/alu/instrD[31]_i_1/O
                         net (fo=211, routed)         3.115    19.875    cpu/funct3E[0]
    SLICE_X85Y57         FDRE                                         r  cpu/RD1E_reg[13]/R
  -------------------------------------------------------------------    -------------------

Slack:                    inf
  Source:                 btnU
                            (input port)
  Destination:            cpu/RD1E_reg[17]/R
  Path Group:             (none)
  Path Type:              Max at Slow Process Corner
  Data Path Delay:        19.875ns  (logic 4.158ns (20.921%)  route 15.717ns (79.079%))
  Logic Levels:           14  (CARRY4=4 IBUF=1 LUT2=3 LUT3=1 LUT4=2 LUT5=1 LUT6=2)

    Location             Delay type                Incr(ns)  Path(ns)    Netlist Resource(s)
  -------------------------------------------------------------------    -------------------
    F15                                               0.000     0.000 r  btnU (IN)
                         net (fo=0)                   0.000     0.000    btnU
    F15                  IBUF (Prop_ibuf_I_O)         1.473     1.473 r  btnU_IBUF_inst/O
                         net (fo=1, routed)           5.930     7.403    cpu/alu/btnU_IBUF
    SLICE_X85Y54         LUT2 (Prop_lut2_I0_O)        0.152     7.555 r  cpu/alu/ReadDataW[3]_i_3/O
                         net (fo=1, routed)           0.433     7.988    cpu/alu/ReadDataW[3]_i_3_n_0
    SLICE_X85Y54         LUT6 (Prop_lut6_I5_O)        0.326     8.314 r  cpu/alu/ReadDataW[3]_i_1/O
                         net (fo=4, routed)           0.708     9.022    cpu/alu/mem_read_data[3]
    SLICE_X78Y54         LUT5 (Prop_lut5_I2_O)        0.124     9.146 r  cpu/alu/WriteDataM[3]_i_1/O
                         net (fo=11, routed)          0.620     9.767    cpu/alu/RD2E_reg[22][3]
    SLICE_X74Y54         LUT4 (Prop_lut4_I3_O)        0.117     9.884 r  cpu/alu/result2_carry_i_14/O
                         net (fo=108, routed)         1.276    11.159    cpu/alu/ExtImmE_reg[23][2]
    SLICE_X74Y55         LUT2 (Prop_lut2_I1_O)        0.348    11.507 f  cpu/alu/result2_carry_i_22/O
                         net (fo=5, routed)           1.001    12.508    cpu/alu/pcE_reg[3]
    SLICE_X73Y58         LUT2 (Prop_lut2_I1_O)        0.124    12.632 r  cpu/alu/result2_carry_i_7/O
                         net (fo=1, routed)           0.000    12.632    cpu/alu/result2_carry_i_7_n_0
    SLICE_X73Y58         CARRY4 (Prop_carry4_S[1]_CO[3])
                                                      0.550    13.182 r  cpu/alu/result2_carry/CO[3]
                         net (fo=1, routed)           0.000    13.182    cpu/alu/result2_carry_n_0
    SLICE_X73Y59         CARRY4 (Prop_carry4_CI_CO[3])
                                                      0.114    13.296 r  cpu/alu/result2_carry__0/CO[3]
                         net (fo=1, routed)           0.000    13.296    cpu/alu/result2_carry__0_n_0
    SLICE_X73Y60         CARRY4 (Prop_carry4_CI_CO[3])
                                                      0.114    13.410 r  cpu/alu/result2_carry__1/CO[3]
                         net (fo=1, routed)           0.000    13.410    cpu/alu/result2_carry__1_n_0
    SLICE_X73Y61         CARRY4 (Prop_carry4_CI_CO[3])
                                                      0.114    13.524 r  cpu/alu/result2_carry__2/CO[3]
                         net (fo=2, routed)           1.348    14.872    cpu/alu/alu_flags[0]
    SLICE_X74Y54         LUT6 (Prop_lut6_I4_O)        0.124    14.996 r  cpu/alu/instrD[31]_i_4/O
                         net (fo=1, routed)           0.817    15.812    cpu/alu/instrD[31]_i_4_n_0
    SLICE_X73Y54         LUT3 (Prop_lut3_I0_O)        0.152    15.964 r  cpu/alu/instrD[31]_i_3/O
                         net (fo=64, routed)          0.469    16.434    cpu/alu/PC_src[0]
    SLICE_X73Y54         LUT4 (Prop_lut4_I2_O)        0.326    16.760 r  cpu/alu/instrD[31]_i_1/O
                         net (fo=211, routed)         3.115    19.875    cpu/funct3E[0]
    SLICE_X85Y57         FDRE                                         r  cpu/RD1E_reg[17]/R
  -------------------------------------------------------------------    -------------------

Slack:                    inf
  Source:                 btnU
                            (input port)
  Destination:            cpu/programcounter/pc_reg[29]/D
  Path Group:             (none)
  Path Type:              Max at Slow Process Corner
  Data Path Delay:        19.848ns  (logic 5.002ns (25.202%)  route 14.846ns (74.798%))
  Logic Levels:           17  (CARRY4=7 IBUF=1 LUT2=3 LUT3=1 LUT4=1 LUT5=2 LUT6=2)

    Location             Delay type                Incr(ns)  Path(ns)    Netlist Resource(s)
  -------------------------------------------------------------------    -------------------
    F15                                               0.000     0.000 r  btnU (IN)
                         net (fo=0)                   0.000     0.000    btnU
    F15                  IBUF (Prop_ibuf_I_O)         1.473     1.473 r  btnU_IBUF_inst/O
                         net (fo=1, routed)           5.930     7.403    cpu/alu/btnU_IBUF
    SLICE_X85Y54         LUT2 (Prop_lut2_I0_O)        0.152     7.555 r  cpu/alu/ReadDataW[3]_i_3/O
                         net (fo=1, routed)           0.433     7.988    cpu/alu/ReadDataW[3]_i_3_n_0
    SLICE_X85Y54         LUT6 (Prop_lut6_I5_O)        0.326     8.314 r  cpu/alu/ReadDataW[3]_i_1/O
                         net (fo=4, routed)           0.708     9.022    cpu/alu/mem_read_data[3]
    SLICE_X78Y54         LUT5 (Prop_lut5_I2_O)        0.124     9.146 r  cpu/alu/WriteDataM[3]_i_1/O
                         net (fo=11, routed)          0.620     9.767    cpu/alu/RD2E_reg[22][3]
    SLICE_X74Y54         LUT4 (Prop_lut4_I3_O)        0.117     9.884 r  cpu/alu/result2_carry_i_14/O
                         net (fo=108, routed)         1.276    11.159    cpu/alu/ExtImmE_reg[23][2]
    SLICE_X74Y55         LUT2 (Prop_lut2_I1_O)        0.348    11.507 f  cpu/alu/result2_carry_i_22/O
                         net (fo=5, routed)           1.001    12.508    cpu/alu/pcE_reg[3]
    SLICE_X73Y58         LUT2 (Prop_lut2_I1_O)        0.124    12.632 r  cpu/alu/result2_carry_i_7/O
                         net (fo=1, routed)           0.000    12.632    cpu/alu/result2_carry_i_7_n_0
    SLICE_X73Y58         CARRY4 (Prop_carry4_S[1]_CO[3])
                                                      0.550    13.182 r  cpu/alu/result2_carry/CO[3]
                         net (fo=1, routed)           0.000    13.182    cpu/alu/result2_carry_n_0
    SLICE_X73Y59         CARRY4 (Prop_carry4_CI_CO[3])
                                                      0.114    13.296 r  cpu/alu/result2_carry__0/CO[3]
                         net (fo=1, routed)           0.000    13.296    cpu/alu/result2_carry__0_n_0
    SLICE_X73Y60         CARRY4 (Prop_carry4_CI_CO[3])
                                                      0.114    13.410 r  cpu/alu/result2_carry__1/CO[3]
                         net (fo=1, routed)           0.000    13.410    cpu/alu/result2_carry__1_n_0
    SLICE_X73Y61         CARRY4 (Prop_carry4_CI_CO[3])
                                                      0.114    13.524 r  cpu/alu/result2_carry__2/CO[3]
                         net (fo=2, routed)           1.348    14.872    cpu/alu/alu_flags[0]
    SLICE_X74Y54         LUT6 (Prop_lut6_I4_O)        0.124    14.996 r  cpu/alu/instrD[31]_i_4/O
                         net (fo=1, routed)           0.817    15.812    cpu/alu/instrD[31]_i_4_n_0
    SLICE_X73Y54         LUT3 (Prop_lut3_I0_O)        0.152    15.964 r  cpu/alu/instrD[31]_i_3/O
                         net (fo=64, routed)          1.913    17.877    cpu/alu/PC_src[0]
    SLICE_X78Y63         LUT5 (Prop_lut5_I2_O)        0.326    18.203 r  cpu/alu/pc0_carry__4_i_2/O
                         net (fo=1, routed)           0.800    19.004    cpu/p_1_in[22]
    SLICE_X76Y59         CARRY4 (Prop_carry4_DI[2]_CO[3])
                                                      0.404    19.408 r  cpu/pc0_carry__4/CO[3]
                         net (fo=1, routed)           0.000    19.408    cpu/pc0_carry__4_n_0
    SLICE_X76Y60         CARRY4 (Prop_carry4_CI_CO[3])
                                                      0.117    19.525 r  cpu/pc0_carry__5/CO[3]
                         net (fo=1, routed)           0.000    19.525    cpu/pc0_carry__5_n_0
    SLICE_X76Y61         CARRY4 (Prop_carry4_CI_O[1])
                                                      0.323    19.848 r  cpu/pc0_carry__6/O[1]
                         net (fo=1, routed)           0.000    19.848    cpu/programcounter/pc_reg[31]_1[29]
    SLICE_X76Y61         FDRE                                         r  cpu/programcounter/pc_reg[29]/D
  -------------------------------------------------------------------    -------------------

Slack:                    inf
  Source:                 btnU
                            (input port)
  Destination:            cpu/programcounter/pc_reg[31]/D
  Path Group:             (none)
  Path Type:              Max at Slow Process Corner
  Data Path Delay:        19.840ns  (logic 4.994ns (25.172%)  route 14.846ns (74.828%))
  Logic Levels:           17  (CARRY4=7 IBUF=1 LUT2=3 LUT3=1 LUT4=1 LUT5=2 LUT6=2)

    Location             Delay type                Incr(ns)  Path(ns)    Netlist Resource(s)
  -------------------------------------------------------------------    -------------------
    F15                                               0.000     0.000 r  btnU (IN)
                         net (fo=0)                   0.000     0.000    btnU
    F15                  IBUF (Prop_ibuf_I_O)         1.473     1.473 r  btnU_IBUF_inst/O
                         net (fo=1, routed)           5.930     7.403    cpu/alu/btnU_IBUF
    SLICE_X85Y54         LUT2 (Prop_lut2_I0_O)        0.152     7.555 r  cpu/alu/ReadDataW[3]_i_3/O
                         net (fo=1, routed)           0.433     7.988    cpu/alu/ReadDataW[3]_i_3_n_0
    SLICE_X85Y54         LUT6 (Prop_lut6_I5_O)        0.326     8.314 r  cpu/alu/ReadDataW[3]_i_1/O
                         net (fo=4, routed)           0.708     9.022    cpu/alu/mem_read_data[3]
    SLICE_X78Y54         LUT5 (Prop_lut5_I2_O)        0.124     9.146 r  cpu/alu/WriteDataM[3]_i_1/O
                         net (fo=11, routed)          0.620     9.767    cpu/alu/RD2E_reg[22][3]
    SLICE_X74Y54         LUT4 (Prop_lut4_I3_O)        0.117     9.884 r  cpu/alu/result2_carry_i_14/O
                         net (fo=108, routed)         1.276    11.159    cpu/alu/ExtImmE_reg[23][2]
    SLICE_X74Y55         LUT2 (Prop_lut2_I1_O)        0.348    11.507 f  cpu/alu/result2_carry_i_22/O
                         net (fo=5, routed)           1.001    12.508    cpu/alu/pcE_reg[3]
    SLICE_X73Y58         LUT2 (Prop_lut2_I1_O)        0.124    12.632 r  cpu/alu/result2_carry_i_7/O
                         net (fo=1, routed)           0.000    12.632    cpu/alu/result2_carry_i_7_n_0
    SLICE_X73Y58         CARRY4 (Prop_carry4_S[1]_CO[3])
                                                      0.550    13.182 r  cpu/alu/result2_carry/CO[3]
                         net (fo=1, routed)           0.000    13.182    cpu/alu/result2_carry_n_0
    SLICE_X73Y59         CARRY4 (Prop_carry4_CI_CO[3])
                                                      0.114    13.296 r  cpu/alu/result2_carry__0/CO[3]
                         net (fo=1, routed)           0.000    13.296    cpu/alu/result2_carry__0_n_0
    SLICE_X73Y60         CARRY4 (Prop_carry4_CI_CO[3])
                                                      0.114    13.410 r  cpu/alu/result2_carry__1/CO[3]
                         net (fo=1, routed)           0.000    13.410    cpu/alu/result2_carry__1_n_0
    SLICE_X73Y61         CARRY4 (Prop_carry4_CI_CO[3])
                                                      0.114    13.524 r  cpu/alu/result2_carry__2/CO[3]
                         net (fo=2, routed)           1.348    14.872    cpu/alu/alu_flags[0]
    SLICE_X74Y54         LUT6 (Prop_lut6_I4_O)        0.124    14.996 r  cpu/alu/instrD[31]_i_4/O
                         net (fo=1, routed)           0.817    15.812    cpu/alu/instrD[31]_i_4_n_0
    SLICE_X73Y54         LUT3 (Prop_lut3_I0_O)        0.152    15.964 r  cpu/alu/instrD[31]_i_3/O
                         net (fo=64, routed)          1.913    17.877    cpu/alu/PC_src[0]
    SLICE_X78Y63         LUT5 (Prop_lut5_I2_O)        0.326    18.203 r  cpu/alu/pc0_carry__4_i_2/O
                         net (fo=1, routed)           0.800    19.004    cpu/p_1_in[22]
    SLICE_X76Y59         CARRY4 (Prop_carry4_DI[2]_CO[3])
                                                      0.404    19.408 r  cpu/pc0_carry__4/CO[3]
                         net (fo=1, routed)           0.000    19.408    cpu/pc0_carry__4_n_0
    SLICE_X76Y60         CARRY4 (Prop_carry4_CI_CO[3])
                                                      0.117    19.525 r  cpu/pc0_carry__5/CO[3]
                         net (fo=1, routed)           0.000    19.525    cpu/pc0_carry__5_n_0
    SLICE_X76Y61         CARRY4 (Prop_carry4_CI_O[3])
                                                      0.315    19.840 r  cpu/pc0_carry__6/O[3]
                         net (fo=1, routed)           0.000    19.840    cpu/programcounter/pc_reg[31]_1[31]
    SLICE_X76Y61         FDRE                                         r  cpu/programcounter/pc_reg[31]/D
  -------------------------------------------------------------------    -------------------

Slack:                    inf
  Source:                 btnU
                            (input port)
  Destination:            cpu/RD2E_reg[30]/R
  Path Group:             (none)
  Path Type:              Max at Slow Process Corner
  Data Path Delay:        19.795ns  (logic 4.158ns (21.005%)  route 15.637ns (78.995%))
  Logic Levels:           14  (CARRY4=4 IBUF=1 LUT2=3 LUT3=1 LUT4=2 LUT5=1 LUT6=2)

    Location             Delay type                Incr(ns)  Path(ns)    Netlist Resource(s)
  -------------------------------------------------------------------    -------------------
    F15                                               0.000     0.000 r  btnU (IN)
                         net (fo=0)                   0.000     0.000    btnU
    F15                  IBUF (Prop_ibuf_I_O)         1.473     1.473 r  btnU_IBUF_inst/O
                         net (fo=1, routed)           5.930     7.403    cpu/alu/btnU_IBUF
    SLICE_X85Y54         LUT2 (Prop_lut2_I0_O)        0.152     7.555 r  cpu/alu/ReadDataW[3]_i_3/O
                         net (fo=1, routed)           0.433     7.988    cpu/alu/ReadDataW[3]_i_3_n_0
    SLICE_X85Y54         LUT6 (Prop_lut6_I5_O)        0.326     8.314 r  cpu/alu/ReadDataW[3]_i_1/O
                         net (fo=4, routed)           0.708     9.022    cpu/alu/mem_read_data[3]
    SLICE_X78Y54         LUT5 (Prop_lut5_I2_O)        0.124     9.146 r  cpu/alu/WriteDataM[3]_i_1/O
                         net (fo=11, routed)          0.620     9.767    cpu/alu/RD2E_reg[22][3]
    SLICE_X74Y54         LUT4 (Prop_lut4_I3_O)        0.117     9.884 r  cpu/alu/result2_carry_i_14/O
                         net (fo=108, routed)         1.276    11.159    cpu/alu/ExtImmE_reg[23][2]
    SLICE_X74Y55         LUT2 (Prop_lut2_I1_O)        0.348    11.507 f  cpu/alu/result2_carry_i_22/O
                         net (fo=5, routed)           1.001    12.508    cpu/alu/pcE_reg[3]
    SLICE_X73Y58         LUT2 (Prop_lut2_I1_O)        0.124    12.632 r  cpu/alu/result2_carry_i_7/O
                         net (fo=1, routed)           0.000    12.632    cpu/alu/result2_carry_i_7_n_0
    SLICE_X73Y58         CARRY4 (Prop_carry4_S[1]_CO[3])
                                                      0.550    13.182 r  cpu/alu/result2_carry/CO[3]
                         net (fo=1, routed)           0.000    13.182    cpu/alu/result2_carry_n_0
    SLICE_X73Y59         CARRY4 (Prop_carry4_CI_CO[3])
                                                      0.114    13.296 r  cpu/alu/result2_carry__0/CO[3]
                         net (fo=1, routed)           0.000    13.296    cpu/alu/result2_carry__0_n_0
    SLICE_X73Y60         CARRY4 (Prop_carry4_CI_CO[3])
                                                      0.114    13.410 r  cpu/alu/result2_carry__1/CO[3]
                         net (fo=1, routed)           0.000    13.410    cpu/alu/result2_carry__1_n_0
    SLICE_X73Y61         CARRY4 (Prop_carry4_CI_CO[3])
                                                      0.114    13.524 r  cpu/alu/result2_carry__2/CO[3]
                         net (fo=2, routed)           1.348    14.872    cpu/alu/alu_flags[0]
    SLICE_X74Y54         LUT6 (Prop_lut6_I4_O)        0.124    14.996 r  cpu/alu/instrD[31]_i_4/O
                         net (fo=1, routed)           0.817    15.812    cpu/alu/instrD[31]_i_4_n_0
    SLICE_X73Y54         LUT3 (Prop_lut3_I0_O)        0.152    15.964 r  cpu/alu/instrD[31]_i_3/O
                         net (fo=64, routed)          0.469    16.434    cpu/alu/PC_src[0]
    SLICE_X73Y54         LUT4 (Prop_lut4_I2_O)        0.326    16.760 r  cpu/alu/instrD[31]_i_1/O
                         net (fo=211, routed)         3.036    19.795    cpu/funct3E[0]
    SLICE_X83Y65         FDRE                                         r  cpu/RD2E_reg[30]/R
  -------------------------------------------------------------------    -------------------

Slack:                    inf
  Source:                 btnU
                            (input port)
  Destination:            cpu/RD1E_reg[20]/R
  Path Group:             (none)
  Path Type:              Max at Slow Process Corner
  Data Path Delay:        19.775ns  (logic 4.158ns (21.026%)  route 15.617ns (78.974%))
  Logic Levels:           14  (CARRY4=4 IBUF=1 LUT2=3 LUT3=1 LUT4=2 LUT5=1 LUT6=2)

    Location             Delay type                Incr(ns)  Path(ns)    Netlist Resource(s)
  -------------------------------------------------------------------    -------------------
    F15                                               0.000     0.000 r  btnU (IN)
                         net (fo=0)                   0.000     0.000    btnU
    F15                  IBUF (Prop_ibuf_I_O)         1.473     1.473 r  btnU_IBUF_inst/O
                         net (fo=1, routed)           5.930     7.403    cpu/alu/btnU_IBUF
    SLICE_X85Y54         LUT2 (Prop_lut2_I0_O)        0.152     7.555 r  cpu/alu/ReadDataW[3]_i_3/O
                         net (fo=1, routed)           0.433     7.988    cpu/alu/ReadDataW[3]_i_3_n_0
    SLICE_X85Y54         LUT6 (Prop_lut6_I5_O)        0.326     8.314 r  cpu/alu/ReadDataW[3]_i_1/O
                         net (fo=4, routed)           0.708     9.022    cpu/alu/mem_read_data[3]
    SLICE_X78Y54         LUT5 (Prop_lut5_I2_O)        0.124     9.146 r  cpu/alu/WriteDataM[3]_i_1/O
                         net (fo=11, routed)          0.620     9.767    cpu/alu/RD2E_reg[22][3]
    SLICE_X74Y54         LUT4 (Prop_lut4_I3_O)        0.117     9.884 r  cpu/alu/result2_carry_i_14/O
                         net (fo=108, routed)         1.276    11.159    cpu/alu/ExtImmE_reg[23][2]
    SLICE_X74Y55         LUT2 (Prop_lut2_I1_O)        0.348    11.507 f  cpu/alu/result2_carry_i_22/O
                         net (fo=5, routed)           1.001    12.508    cpu/alu/pcE_reg[3]
    SLICE_X73Y58         LUT2 (Prop_lut2_I1_O)        0.124    12.632 r  cpu/alu/result2_carry_i_7/O
                         net (fo=1, routed)           0.000    12.632    cpu/alu/result2_carry_i_7_n_0
    SLICE_X73Y58         CARRY4 (Prop_carry4_S[1]_CO[3])
                                                      0.550    13.182 r  cpu/alu/result2_carry/CO[3]
                         net (fo=1, routed)           0.000    13.182    cpu/alu/result2_carry_n_0
    SLICE_X73Y59         CARRY4 (Prop_carry4_CI_CO[3])
                                                      0.114    13.296 r  cpu/alu/result2_carry__0/CO[3]
                         net (fo=1, routed)           0.000    13.296    cpu/alu/result2_carry__0_n_0
    SLICE_X73Y60         CARRY4 (Prop_carry4_CI_CO[3])
                                                      0.114    13.410 r  cpu/alu/result2_carry__1/CO[3]
                         net (fo=1, routed)           0.000    13.410    cpu/alu/result2_carry__1_n_0
    SLICE_X73Y61         CARRY4 (Prop_carry4_CI_CO[3])
                                                      0.114    13.524 r  cpu/alu/result2_carry__2/CO[3]
                         net (fo=2, routed)           1.348    14.872    cpu/alu/alu_flags[0]
    SLICE_X74Y54         LUT6 (Prop_lut6_I4_O)        0.124    14.996 r  cpu/alu/instrD[31]_i_4/O
                         net (fo=1, routed)           0.817    15.812    cpu/alu/instrD[31]_i_4_n_0
    SLICE_X73Y54         LUT3 (Prop_lut3_I0_O)        0.152    15.964 r  cpu/alu/instrD[31]_i_3/O
                         net (fo=64, routed)          0.469    16.434    cpu/alu/PC_src[0]
    SLICE_X73Y54         LUT4 (Prop_lut4_I2_O)        0.326    16.760 r  cpu/alu/instrD[31]_i_1/O
                         net (fo=211, routed)         3.015    19.775    cpu/funct3E[0]
    SLICE_X81Y63         FDRE                                         r  cpu/RD1E_reg[20]/R
  -------------------------------------------------------------------    -------------------





Min Delay Paths
--------------------------------------------------------------------------------------
Slack:                    inf
  Source:                 cpu/pcD_reg[19]/C
                            (rising edge-triggered cell FDRE)
  Destination:            cpu/pcE_reg[19]/D
  Path Group:             (none)
  Path Type:              Min at Fast Process Corner
  Data Path Delay:        0.247ns  (logic 0.128ns (51.736%)  route 0.119ns (48.264%))
  Logic Levels:           1  (FDRE=1)

    Location             Delay type                Incr(ns)  Path(ns)    Netlist Resource(s)
  -------------------------------------------------------------------    -------------------
    SLICE_X79Y59         FDRE                         0.000     0.000 r  cpu/pcD_reg[19]/C
    SLICE_X79Y59         FDRE (Prop_fdre_C_Q)         0.128     0.128 r  cpu/pcD_reg[19]/Q
                         net (fo=1, routed)           0.119     0.247    cpu/pcD[19]
    SLICE_X79Y59         FDRE                                         r  cpu/pcE_reg[19]/D
  -------------------------------------------------------------------    -------------------

Slack:                    inf
  Source:                 cpu/pcD_reg[0]/C
                            (rising edge-triggered cell FDRE)
  Destination:            cpu/pcE_reg[0]/D
  Path Group:             (none)
  Path Type:              Min at Fast Process Corner
  Data Path Delay:        0.251ns  (logic 0.141ns (56.174%)  route 0.110ns (43.826%))
  Logic Levels:           1  (FDRE=1)

    Location             Delay type                Incr(ns)  Path(ns)    Netlist Resource(s)
  -------------------------------------------------------------------    -------------------
    SLICE_X75Y53         FDRE                         0.000     0.000 r  cpu/pcD_reg[0]/C
    SLICE_X75Y53         FDRE (Prop_fdre_C_Q)         0.141     0.141 r  cpu/pcD_reg[0]/Q
                         net (fo=1, routed)           0.110     0.251    cpu/pcD[0]
    SLICE_X75Y53         FDRE                                         r  cpu/pcE_reg[0]/D
  -------------------------------------------------------------------    -------------------

Slack:                    inf
  Source:                 cpu/pcD_reg[8]/C
                            (rising edge-triggered cell FDRE)
  Destination:            cpu/pcE_reg[8]/D
  Path Group:             (none)
  Path Type:              Min at Fast Process Corner
  Data Path Delay:        0.251ns  (logic 0.141ns (56.174%)  route 0.110ns (43.826%))
  Logic Levels:           1  (FDRE=1)

    Location             Delay type                Incr(ns)  Path(ns)    Netlist Resource(s)
  -------------------------------------------------------------------    -------------------
    SLICE_X79Y54         FDRE                         0.000     0.000 r  cpu/pcD_reg[8]/C
    SLICE_X79Y54         FDRE (Prop_fdre_C_Q)         0.141     0.141 r  cpu/pcD_reg[8]/Q
                         net (fo=1, routed)           0.110     0.251    cpu/pcD[8]
    SLICE_X79Y54         FDRE                                         r  cpu/pcE_reg[8]/D
  -------------------------------------------------------------------    -------------------

Slack:                    inf
  Source:                 cpu/WriteDataM_reg[31]/C
                            (rising edge-triggered cell FDRE)
  Destination:            data_memory_reg_0_255_31_31/RAMS64E_A/I
  Path Group:             (none)
  Path Type:              Min at Fast Process Corner
  Data Path Delay:        0.255ns  (logic 0.128ns (50.286%)  route 0.127ns (49.714%))
  Logic Levels:           1  (FDRE=1)

    Location             Delay type                Incr(ns)  Path(ns)    Netlist Resource(s)
  -------------------------------------------------------------------    -------------------
    SLICE_X79Y62         FDRE                         0.000     0.000 r  cpu/WriteDataM_reg[31]/C
    SLICE_X79Y62         FDRE (Prop_fdre_C_Q)         0.128     0.128 r  cpu/WriteDataM_reg[31]/Q
                         net (fo=5, routed)           0.127     0.255    data_memory_reg_0_255_31_31/D
    SLICE_X78Y61         RAMS64E                                      r  data_memory_reg_0_255_31_31/RAMS64E_A/I
  -------------------------------------------------------------------    -------------------

Slack:                    inf
  Source:                 cpu/WriteDataM_reg[31]/C
                            (rising edge-triggered cell FDRE)
  Destination:            data_memory_reg_0_255_31_31/RAMS64E_B/I
  Path Group:             (none)
  Path Type:              Min at Fast Process Corner
  Data Path Delay:        0.255ns  (logic 0.128ns (50.286%)  route 0.127ns (49.714%))
  Logic Levels:           1  (FDRE=1)

    Location             Delay type                Incr(ns)  Path(ns)    Netlist Resource(s)
  -------------------------------------------------------------------    -------------------
    SLICE_X79Y62         FDRE                         0.000     0.000 r  cpu/WriteDataM_reg[31]/C
    SLICE_X79Y62         FDRE (Prop_fdre_C_Q)         0.128     0.128 r  cpu/WriteDataM_reg[31]/Q
                         net (fo=5, routed)           0.127     0.255    data_memory_reg_0_255_31_31/D
    SLICE_X78Y61         RAMS64E                                      r  data_memory_reg_0_255_31_31/RAMS64E_B/I
  -------------------------------------------------------------------    -------------------

Slack:                    inf
  Source:                 cpu/WriteDataM_reg[31]/C
                            (rising edge-triggered cell FDRE)
  Destination:            data_memory_reg_0_255_31_31/RAMS64E_C/I
  Path Group:             (none)
  Path Type:              Min at Fast Process Corner
  Data Path Delay:        0.255ns  (logic 0.128ns (50.286%)  route 0.127ns (49.714%))
  Logic Levels:           1  (FDRE=1)

    Location             Delay type                Incr(ns)  Path(ns)    Netlist Resource(s)
  -------------------------------------------------------------------    -------------------
    SLICE_X79Y62         FDRE                         0.000     0.000 r  cpu/WriteDataM_reg[31]/C
    SLICE_X79Y62         FDRE (Prop_fdre_C_Q)         0.128     0.128 r  cpu/WriteDataM_reg[31]/Q
                         net (fo=5, routed)           0.127     0.255    data_memory_reg_0_255_31_31/D
    SLICE_X78Y61         RAMS64E                                      r  data_memory_reg_0_255_31_31/RAMS64E_C/I
  -------------------------------------------------------------------    -------------------

Slack:                    inf
  Source:                 cpu/WriteDataM_reg[31]/C
                            (rising edge-triggered cell FDRE)
  Destination:            data_memory_reg_0_255_31_31/RAMS64E_D/I
  Path Group:             (none)
  Path Type:              Min at Fast Process Corner
  Data Path Delay:        0.255ns  (logic 0.128ns (50.286%)  route 0.127ns (49.714%))
  Logic Levels:           1  (FDRE=1)

    Location             Delay type                Incr(ns)  Path(ns)    Netlist Resource(s)
  -------------------------------------------------------------------    -------------------
    SLICE_X79Y62         FDRE                         0.000     0.000 r  cpu/WriteDataM_reg[31]/C
    SLICE_X79Y62         FDRE (Prop_fdre_C_Q)         0.128     0.128 r  cpu/WriteDataM_reg[31]/Q
                         net (fo=5, routed)           0.127     0.255    data_memory_reg_0_255_31_31/D
    SLICE_X78Y61         RAMS64E                                      r  data_memory_reg_0_255_31_31/RAMS64E_D/I
  -------------------------------------------------------------------    -------------------

Slack:                    inf
  Source:                 cpu/instrD_reg[8]/C
                            (rising edge-triggered cell FDRE)
  Destination:            cpu/rdE_reg[1]/D
  Path Group:             (none)
  Path Type:              Min at Fast Process Corner
  Data Path Delay:        0.256ns  (logic 0.141ns (55.033%)  route 0.115ns (44.967%))
  Logic Levels:           1  (FDRE=1)

    Location             Delay type                Incr(ns)  Path(ns)    Netlist Resource(s)
  -------------------------------------------------------------------    -------------------
    SLICE_X77Y51         FDRE                         0.000     0.000 r  cpu/instrD_reg[8]/C
    SLICE_X77Y51         FDRE (Prop_fdre_C_Q)         0.141     0.141 r  cpu/instrD_reg[8]/Q
                         net (fo=2, routed)           0.115     0.256    cpu/rdD[1]
    SLICE_X77Y52         FDRE                                         r  cpu/rdE_reg[1]/D
  -------------------------------------------------------------------    -------------------

Slack:                    inf
  Source:                 cpu/instrD_reg[9]/C
                            (rising edge-triggered cell FDRE)
  Destination:            cpu/rdE_reg[2]/D
  Path Group:             (none)
  Path Type:              Min at Fast Process Corner
  Data Path Delay:        0.257ns  (logic 0.128ns (49.831%)  route 0.129ns (50.169%))
  Logic Levels:           1  (FDRE=1)

    Location             Delay type                Incr(ns)  Path(ns)    Netlist Resource(s)
  -------------------------------------------------------------------    -------------------
    SLICE_X77Y51         FDRE                         0.000     0.000 r  cpu/instrD_reg[9]/C
    SLICE_X77Y51         FDRE (Prop_fdre_C_Q)         0.128     0.128 r  cpu/instrD_reg[9]/Q
                         net (fo=2, routed)           0.129     0.257    cpu/rdD[2]
    SLICE_X77Y52         FDRE                                         r  cpu/rdE_reg[2]/D
  -------------------------------------------------------------------    -------------------

Slack:                    inf
  Source:                 cpu/pcD_reg[31]/C
                            (rising edge-triggered cell FDRE)
  Destination:            cpu/pcE_reg[31]/D
  Path Group:             (none)
  Path Type:              Min at Fast Process Corner
  Data Path Delay:        0.257ns  (logic 0.141ns (54.828%)  route 0.116ns (45.172%))
  Logic Levels:           1  (FDRE=1)

    Location             Delay type                Incr(ns)  Path(ns)    Netlist Resource(s)
  -------------------------------------------------------------------    -------------------
    SLICE_X77Y63         FDRE                         0.000     0.000 r  cpu/pcD_reg[31]/C
    SLICE_X77Y63         FDRE (Prop_fdre_C_Q)         0.141     0.141 r  cpu/pcD_reg[31]/Q
                         net (fo=1, routed)           0.116     0.257    cpu/pcD[31]
    SLICE_X77Y63         FDRE                                         r  cpu/pcE_reg[31]/D
  -------------------------------------------------------------------    -------------------





