Copyright 1986-2022 Xilinx, Inc. All Rights Reserved. Copyright 2022-2025 Advanced Micro Devices, Inc. All Rights Reserved.
---------------------------------------------------------------------------------------------------------------------------------------------
| Tool Version : Vivado v.2025.2 (lin64) Build 6299465 Fri Nov 14 12:34:56 MST 2025
| Date         : Mon Apr 13 15:37:54 2026
| Host         : YOURUNIQUEHOSTNAME running 64-bit Ubuntu 25.10
| Command      : report_control_sets -verbose -file Top_MMC_control_sets_placed.rpt
| Design       : Top_MMC
| Device       : xc7a100t
---------------------------------------------------------------------------------------------------------------------------------------------

Control Set Information

Table of Contents
-----------------
1. Summary
2. Histogram
3. Flip-Flop Distribution
4. Detailed Control Set Information

1. Summary
----------

+----------------------------------------------------------+-------+
|                          Status                          | Count |
+----------------------------------------------------------+-------+
| Total control sets                                       |    12 |
|    Minimum number of control sets                        |    12 |
|    Addition due to synthesis replication                 |     0 |
|    Addition due to physical synthesis replication        |     0 |
| Unused register locations in slices containing registers |    38 |
+----------------------------------------------------------+-------+
* Control sets can be merged at opt_design using control_set_merge or merge_equivalent_drivers
** Run report_qor_suggestions for automated merging and remapping suggestions


2. Histogram
------------

+--------------------+-------+
|       Fanout       | Count |
+--------------------+-------+
| Total control sets |    12 |
| >= 0 to < 4        |     3 |
| >= 4 to < 6        |     2 |
| >= 6 to < 8        |     0 |
| >= 8 to < 10       |     0 |
| >= 10 to < 12      |     0 |
| >= 12 to < 14      |     0 |
| >= 14 to < 16      |     0 |
| >= 16              |     7 |
+--------------------+-------+
* Control sets can be remapped at either synth_design or opt_design


3. Flip-Flop Distribution
-------------------------

+--------------+-----------------------+------------------------+-----------------+--------------+
| Clock Enable | Synchronous Set/Reset | Asynchronous Set/Reset | Total Registers | Total Slices |
+--------------+-----------------------+------------------------+-----------------+--------------+
| No           | No                    | No                     |              24 |            8 |
| No           | No                    | Yes                    |               0 |            0 |
| No           | Yes                   | No                     |             394 |          160 |
| Yes          | No                    | No                     |              48 |           10 |
| Yes          | No                    | Yes                    |               0 |            0 |
| Yes          | Yes                   | No                     |               0 |            0 |
+--------------+-----------------------+------------------------+-----------------+--------------+


4. Detailed Control Set Information
-----------------------------------

+----------------+-----------------------------+-----------------------------+------------------+----------------+--------------+
|  Clock Signal  |        Enable Signal        |       Set/Reset Signal      | Slice Load Count | Bel Load Count | Bels / Slice |
+----------------+-----------------------------+-----------------------------+------------------+----------------+--------------+
|  clk_cpu_BUFG  |                             | ss_decoder/an[0]_i_1_n_0    |                1 |              1 |         1.00 |
|  clk_cpu_BUFG  |                             | ss_decoder/an_to_display[0] |                1 |              1 |         1.00 |
|  clk_cpu_BUFG  |                             | ss_decoder/an_to_display[2] |                1 |              2 |         2.00 |
|  clk_IBUF_BUFG |                             |                             |                1 |              4 |         4.00 |
|  clk_cpu_BUFG  |                             | ss_decoder/an_to_display[1] |                3 |              4 |         1.33 |
|  clk_cpu_BUFG  | cpu/E[0]                    |                             |                5 |             16 |         3.20 |
|  clk_cpu_BUFG  |                             |                             |                7 |             20 |         2.86 |
|  clk_cpu_BUFG  | cpu/alu_resultM_reg[6]_0[0] |                             |                5 |             32 |         6.40 |
|  clk_cpu_BUFG  | cpu/regfile/p_2_in          |                             |               11 |             88 |         8.00 |
|  clk_cpu_BUFG  | cpu/p_0_in0_out             |                             |               32 |            128 |         4.00 |
|  clk_cpu_BUFG  |                             | cpu/programcounter/SR[0]    |               75 |            175 |         2.33 |
|  clk_cpu_BUFG  |                             | cpu/alu/funct3E[0]          |               79 |            211 |         2.67 |
+----------------+-----------------------------+-----------------------------+------------------+----------------+--------------+


