#-----------------------------------------------------------
# xsim v2025.1 (64-bit)
# SW Build 6140274 on Wed May 21 22:58:25 MDT 2025
# IP Build 6138677 on Thu May 22 03:10:11 MDT 2025
# SharedData Build 6139179 on Tue May 20 17:58:58 MDT 2025
# Start of session at: Mon Apr 13 15:31:11 2026
# Process ID         : 181387
# Current directory  : /home/farhan-sadik/Desktop/labs/lab_templates/Project
# Command line       : xsim -mode tcl -source {xsim.dir/top_test_sim/xsim_script.tcl}
# Log file           : /home/farhan-sadik/Desktop/labs/lab_templates/Project/xsim.log
# Journal file       : /home/farhan-sadik/Desktop/labs/lab_templates/Project/xsim.jou
# Running On         : YOURUNIQUEHOSTNAME
# Platform           : Ubuntu
# Operating System   : Ubuntu 25.10
# Processor Detail   : AMD Ryzen 7 5800H with Radeon Graphics
# CPU Frequency      : 3208.252 MHz
# CPU Physical cores : 8
# CPU Logical cores  : 16
# Host memory        : 13958 MB
# Swap memory        : 4294 MB
# Total Virtual      : 18253 MB
# Available Virtual  : 9743 MB
#-----------------------------------------------------------
source xsim.dir/top_test_sim/xsim_script.tcl
# xsim {top_test_sim} -autoloadwcfg -runall
Time resolution is 1 ps
run -all
WARNING: Too many words specified in data file AA_DMEM.mem
105000 ns: LED = 0001
945000 ns: LED = 0002
1785000 ns: LED = 0004
2625000 ns: LED = 0008
3465000 ns: LED = 0010
4305000 ns: LED = 0020
PASS: observed 6 correct LED updates
$finish called at time : 4305 ns : File "/home/farhan-sadik/Desktop/labs/lab_templates/Project/Top_Test.sv" Line 78
exit
INFO: [Common 17-206] Exiting xsim at Mon Apr 13 15:31:13 2026...
